[2024-03-26 00:00:40] local.ERROR: SQLSTATE[42S22]: Column not found: 1054 Unknown column 'updated_at' in 'field list' (Connection: mysql, SQL: insert into `produtos` (`nome`, `descricao`, `preco`, `updated_at`, `created_at`) values (Novo Produto, Descrição do novo produto, 19.99, 2024-03-26 00:00:40, 2024-03-26 00:00:40)) {"exception":"[object] (Illuminate\\Database\\QueryException(code: 42S22): SQLSTATE[42S22]: Column not found: 1054 Unknown column 'updated_at' in 'field list' (Connection: mysql, SQL: insert into `produtos` (`nome`, `descricao`, `preco`, `updated_at`, `created_at`) values (Novo Produto, Descrição do novo produto, 19.99, 2024-03-26 00:00:40, 2024-03-26 00:00:40)) at C:\\xampp\\htdocs\\APOLucas_Desenvolvimento\\vendor\\illuminate\\database\\Connection.php:829)
[stacktrace]
#0 C:\\xampp\\htdocs\\APOLucas_Desenvolvimento\\vendor\\illuminate\\database\\Connection.php(783): Illuminate\\Database\\Connection->runQueryCallback('insert into `pr...', Array, Object(Closure))
#1 C:\\xampp\\htdocs\\APOLucas_Desenvolvimento\\vendor\\illuminate\\database\\Connection.php(576): Illuminate\\Database\\Connection->run('insert into `pr...', Array, Object(Closure))
#2 C:\\xampp\\htdocs\\APOLucas_Desenvolvimento\\vendor\\illuminate\\database\\Connection.php(540): Illuminate\\Database\\Connection->statement('insert into `pr...', Array)
#3 C:\\xampp\\htdocs\\APOLucas_Desenvolvimento\\vendor\\illuminate\\database\\Query\\Processors\\Processor.php(32): Illuminate\\Database\\Connection->insert('insert into `pr...', Array)
#4 C:\\xampp\\htdocs\\APOLucas_Desenvolvimento\\vendor\\illuminate\\database\\Query\\Builder.php(3507): Illuminate\\Database\\Query\\Processors\\Processor->processInsertGetId(Object(Illuminate\\Database\\Query\\Builder), 'insert into `pr...', Array, 'id')
#5 C:\\xampp\\htdocs\\APOLucas_Desenvolvimento\\vendor\\illuminate\\database\\Eloquent\\Builder.php(1969): Illuminate\\Database\\Query\\Builder->insertGetId(Array, 'id')
#6 C:\\xampp\\htdocs\\APOLucas_Desenvolvimento\\vendor\\illuminate\\database\\Eloquent\\Model.php(1333): Illuminate\\Database\\Eloquent\\Builder->__call('insertGetId', Array)
#7 C:\\xampp\\htdocs\\APOLucas_Desenvolvimento\\vendor\\illuminate\\database\\Eloquent\\Model.php(1298): Illuminate\\Database\\Eloquent\\Model->insertAndSetId(Object(Illuminate\\Database\\Eloquent\\Builder), Array)
#8 C:\\xampp\\htdocs\\APOLucas_Desenvolvimento\\vendor\\illuminate\\database\\Eloquent\\Model.php(1137): Illuminate\\Database\\Eloquent\\Model->performInsert(Object(Illuminate\\Database\\Eloquent\\Builder))
#9 C:\\xampp\\htdocs\\APOLucas_Desenvolvimento\\vendor\\illuminate\\database\\Eloquent\\Builder.php(1024): Illuminate\\Database\\Eloquent\\Model->save()
#10 C:\\xampp\\htdocs\\APOLucas_Desenvolvimento\\vendor\\illuminate\\support\\helpers.php(307): Illuminate\\Database\\Eloquent\\Builder->Illuminate\\Database\\Eloquent\\{closure}(Object(App\\Models\\Produto))
#11 C:\\xampp\\htdocs\\APOLucas_Desenvolvimento\\vendor\\illuminate\\database\\Eloquent\\Builder.php(1023): tap(Object(App\\Models\\Produto), Object(Closure))
#12 C:\\xampp\\htdocs\\APOLucas_Desenvolvimento\\vendor\\illuminate\\support\\Traits\\ForwardsCalls.php(23): Illuminate\\Database\\Eloquent\\Builder->create(Array)
#13 C:\\xampp\\htdocs\\APOLucas_Desenvolvimento\\vendor\\illuminate\\database\\Eloquent\\Model.php(2334): Illuminate\\Database\\Eloquent\\Model->forwardCallTo(Object(Illuminate\\Database\\Eloquent\\Builder), 'create', Array)
#14 C:\\xampp\\htdocs\\APOLucas_Desenvolvimento\\vendor\\illuminate\\database\\Eloquent\\Model.php(2346): Illuminate\\Database\\Eloquent\\Model->__call('create', Array)
#15 C:\\xampp\\htdocs\\APOLucas_Desenvolvimento\\app\\Http\\Controllers\\ProdutoController.php(17): Illuminate\\Database\\Eloquent\\Model::__callStatic('create', Array)
#16 C:\\xampp\\htdocs\\APOLucas_Desenvolvimento\\vendor\\illuminate\\container\\BoundMethod.php(36): App\\Http\\Controllers\\ProdutoController->store(Object(Laravel\\Lumen\\Http\\Request))
#17 C:\\xampp\\htdocs\\APOLucas_Desenvolvimento\\vendor\\illuminate\\container\\Util.php(41): Illuminate\\Container\\BoundMethod::Illuminate\\Container\\{closure}()
#18 C:\\xampp\\htdocs\\APOLucas_Desenvolvimento\\vendor\\illuminate\\container\\BoundMethod.php(93): Illuminate\\Container\\Util::unwrapIfClosure(Object(Closure))
#19 C:\\xampp\\htdocs\\APOLucas_Desenvolvimento\\vendor\\illuminate\\container\\BoundMethod.php(35): Illuminate\\Container\\BoundMethod::callBoundMethod(Object(Laravel\\Lumen\\Application), Array, Object(Closure))
#20 C:\\xampp\\htdocs\\APOLucas_Desenvolvimento\\vendor\\illuminate\\container\\Container.php(662): Illuminate\\Container\\BoundMethod::call(Object(Laravel\\Lumen\\Application), Array, Array, NULL)
#21 C:\\xampp\\htdocs\\APOLucas_Desenvolvimento\\vendor\\laravel\\lumen-framework\\src\\Concerns\\RoutesRequests.php(391): Illuminate\\Container\\Container->call(Array, Array)
#22 C:\\xampp\\htdocs\\APOLucas_Desenvolvimento\\vendor\\laravel\\lumen-framework\\src\\Concerns\\RoutesRequests.php(356): Laravel\\Lumen\\Application->callControllerCallable(Array, Array)
#23 C:\\xampp\\htdocs\\APOLucas_Desenvolvimento\\vendor\\laravel\\lumen-framework\\src\\Concerns\\RoutesRequests.php(331): Laravel\\Lumen\\Application->callLumenController(Object(App\\Http\\Controllers\\ProdutoController), 'store', Array)
#24 C:\\xampp\\htdocs\\APOLucas_Desenvolvimento\\vendor\\laravel\\lumen-framework\\src\\Concerns\\RoutesRequests.php(284): Laravel\\Lumen\\Application->callControllerAction(Array)
#25 C:\\xampp\\htdocs\\APOLucas_Desenvolvimento\\vendor\\laravel\\lumen-framework\\src\\Concerns\\RoutesRequests.php(269): Laravel\\Lumen\\Application->callActionOnArrayBasedRoute(Array)
#26 C:\\xampp\\htdocs\\APOLucas_Desenvolvimento\\vendor\\laravel\\lumen-framework\\src\\Concerns\\RoutesRequests.php(171): Laravel\\Lumen\\Application->handleFoundRoute(Array)
#27 C:\\xampp\\htdocs\\APOLucas_Desenvolvimento\\vendor\\laravel\\lumen-framework\\src\\Concerns\\RoutesRequests.php(431): Laravel\\Lumen\\Application->Laravel\\Lumen\\Concerns\\{closure}(Object(Laravel\\Lumen\\Http\\Request))
#28 C:\\xampp\\htdocs\\APOLucas_Desenvolvimento\\vendor\\laravel\\lumen-framework\\src\\Concerns\\RoutesRequests.php(167): Laravel\\Lumen\\Application->sendThroughPipeline(Array, Object(Closure))
#29 C:\\xampp\\htdocs\\APOLucas_Desenvolvimento\\vendor\\laravel\\lumen-framework\\src\\Concerns\\RoutesRequests.php(112): Laravel\\Lumen\\Application->dispatch(NULL)
#30 C:\\xampp\\htdocs\\APOLucas_Desenvolvimento\\public\\index.php(28): Laravel\\Lumen\\Application->run()
#31 {main}

[previous exception] [object] (PDOException(code: 42S22): SQLSTATE[42S22]: Column not found: 1054 Unknown column 'updated_at' in 'field list' at C:\\xampp\\htdocs\\APOLucas_Desenvolvimento\\vendor\\illuminate\\database\\Connection.php:581)
[stacktrace]
#0 C:\\xampp\\htdocs\\APOLucas_Desenvolvimento\\vendor\\illuminate\\database\\Connection.php(581): PDO->prepare('insert into `pr...')
#1 C:\\xampp\\htdocs\\APOLucas_Desenvolvimento\\vendor\\illuminate\\database\\Connection.php(816): Illuminate\\Database\\Connection->Illuminate\\Database\\{closure}('insert into `pr...', Array)
#2 C:\\xampp\\htdocs\\APOLucas_Desenvolvimento\\vendor\\illuminate\\database\\Connection.php(783): Illuminate\\Database\\Connection->runQueryCallback('insert into `pr...', Array, Object(Closure))
#3 C:\\xampp\\htdocs\\APOLucas_Desenvolvimento\\vendor\\illuminate\\database\\Connection.php(576): Illuminate\\Database\\Connection->run('insert into `pr...', Array, Object(Closure))
#4 C:\\xampp\\htdocs\\APOLucas_Desenvolvimento\\vendor\\illuminate\\database\\Connection.php(540): Illuminate\\Database\\Connection->statement('insert into `pr...', Array)
#5 C:\\xampp\\htdocs\\APOLucas_Desenvolvimento\\vendor\\illuminate\\database\\Query\\Processors\\Processor.php(32): Illuminate\\Database\\Connection->insert('insert into `pr...', Array)
#6 C:\\xampp\\htdocs\\APOLucas_Desenvolvimento\\vendor\\illuminate\\database\\Query\\Builder.php(3507): Illuminate\\Database\\Query\\Processors\\Processor->processInsertGetId(Object(Illuminate\\Database\\Query\\Builder), 'insert into `pr...', Array, 'id')
#7 C:\\xampp\\htdocs\\APOLucas_Desenvolvimento\\vendor\\illuminate\\database\\Eloquent\\Builder.php(1969): Illuminate\\Database\\Query\\Builder->insertGetId(Array, 'id')
#8 C:\\xampp\\htdocs\\APOLucas_Desenvolvimento\\vendor\\illuminate\\database\\Eloquent\\Model.php(1333): Illuminate\\Database\\Eloquent\\Builder->__call('insertGetId', Array)
#9 C:\\xampp\\htdocs\\APOLucas_Desenvolvimento\\vendor\\illuminate\\database\\Eloquent\\Model.php(1298): Illuminate\\Database\\Eloquent\\Model->insertAndSetId(Object(Illuminate\\Database\\Eloquent\\Builder), Array)
#10 C:\\xampp\\htdocs\\APOLucas_Desenvolvimento\\vendor\\illuminate\\database\\Eloquent\\Model.php(1137): Illuminate\\Database\\Eloquent\\Model->performInsert(Object(Illuminate\\Database\\Eloquent\\Builder))
#11 C:\\xampp\\htdocs\\APOLucas_Desenvolvimento\\vendor\\illuminate\\database\\Eloquent\\Builder.php(1024): Illuminate\\Database\\Eloquent\\Model->save()
#12 C:\\xampp\\htdocs\\APOLucas_Desenvolvimento\\vendor\\illuminate\\support\\helpers.php(307): Illuminate\\Database\\Eloquent\\Builder->Illuminate\\Database\\Eloquent\\{closure}(Object(App\\Models\\Produto))
#13 C:\\xampp\\htdocs\\APOLucas_Desenvolvimento\\vendor\\illuminate\\database\\Eloquent\\Builder.php(1023): tap(Object(App\\Models\\Produto), Object(Closure))
#14 C:\\xampp\\htdocs\\APOLucas_Desenvolvimento\\vendor\\illuminate\\support\\Traits\\ForwardsCalls.php(23): Illuminate\\Database\\Eloquent\\Builder->create(Array)
#15 C:\\xampp\\htdocs\\APOLucas_Desenvolvimento\\vendor\\illuminate\\database\\Eloquent\\Model.php(2334): Illuminate\\Database\\Eloquent\\Model->forwardCallTo(Object(Illuminate\\Database\\Eloquent\\Builder), 'create', Array)
#16 C:\\xampp\\htdocs\\APOLucas_Desenvolvimento\\vendor\\illuminate\\database\\Eloquent\\Model.php(2346): Illuminate\\Database\\Eloquent\\Model->__call('create', Array)
#17 C:\\xampp\\htdocs\\APOLucas_Desenvolvimento\\app\\Http\\Controllers\\ProdutoController.php(17): Illuminate\\Database\\Eloquent\\Model::__callStatic('create', Array)
#18 C:\\xampp\\htdocs\\APOLucas_Desenvolvimento\\vendor\\illuminate\\container\\BoundMethod.php(36): App\\Http\\Controllers\\ProdutoController->store(Object(Laravel\\Lumen\\Http\\Request))
#19 C:\\xampp\\htdocs\\APOLucas_Desenvolvimento\\vendor\\illuminate\\container\\Util.php(41): Illuminate\\Container\\BoundMethod::Illuminate\\Container\\{closure}()
#20 C:\\xampp\\htdocs\\APOLucas_Desenvolvimento\\vendor\\illuminate\\container\\BoundMethod.php(93): Illuminate\\Container\\Util::unwrapIfClosure(Object(Closure))
#21 C:\\xampp\\htdocs\\APOLucas_Desenvolvimento\\vendor\\illuminate\\container\\BoundMethod.php(35): Illuminate\\Container\\BoundMethod::callBoundMethod(Object(Laravel\\Lumen\\Application), Array, Object(Closure))
#22 C:\\xampp\\htdocs\\APOLucas_Desenvolvimento\\vendor\\illuminate\\container\\Container.php(662): Illuminate\\Container\\BoundMethod::call(Object(Laravel\\Lumen\\Application), Array, Array, NULL)
#23 C:\\xampp\\htdocs\\APOLucas_Desenvolvimento\\vendor\\laravel\\lumen-framework\\src\\Concerns\\RoutesRequests.php(391): Illuminate\\Container\\Container->call(Array, Array)
#24 C:\\xampp\\htdocs\\APOLucas_Desenvolvimento\\vendor\\laravel\\lumen-framework\\src\\Concerns\\RoutesRequests.php(356): Laravel\\Lumen\\Application->callControllerCallable(Array, Array)
#25 C:\\xampp\\htdocs\\APOLucas_Desenvolvimento\\vendor\\laravel\\lumen-framework\\src\\Concerns\\RoutesRequests.php(331): Laravel\\Lumen\\Application->callLumenController(Object(App\\Http\\Controllers\\ProdutoController), 'store', Array)
#26 C:\\xampp\\htdocs\\APOLucas_Desenvolvimento\\vendor\\laravel\\lumen-framework\\src\\Concerns\\RoutesRequests.php(284): Laravel\\Lumen\\Application->callControllerAction(Array)
#27 C:\\xampp\\htdocs\\APOLucas_Desenvolvimento\\vendor\\laravel\\lumen-framework\\src\\Concerns\\RoutesRequests.php(269): Laravel\\Lumen\\Application->callActionOnArrayBasedRoute(Array)
#28 C:\\xampp\\htdocs\\APOLucas_Desenvolvimento\\vendor\\laravel\\lumen-framework\\src\\Concerns\\RoutesRequests.php(171): Laravel\\Lumen\\Application->handleFoundRoute(Array)
#29 C:\\xampp\\htdocs\\APOLucas_Desenvolvimento\\vendor\\laravel\\lumen-framework\\src\\Concerns\\RoutesRequests.php(431): Laravel\\Lumen\\Application->Laravel\\Lumen\\Concerns\\{closure}(Object(Laravel\\Lumen\\Http\\Request))
#30 C:\\xampp\\htdocs\\APOLucas_Desenvolvimento\\vendor\\laravel\\lumen-framework\\src\\Concerns\\RoutesRequests.php(167): Laravel\\Lumen\\Application->sendThroughPipeline(Array, Object(Closure))
#31 C:\\xampp\\htdocs\\APOLucas_Desenvolvimento\\vendor\\laravel\\lumen-framework\\src\\Concerns\\RoutesRequests.php(112): Laravel\\Lumen\\Application->dispatch(NULL)
#32 C:\\xampp\\htdocs\\APOLucas_Desenvolvimento\\public\\index.php(28): Laravel\\Lumen\\Application->run()
#33 {main}
"} 
[2024-03-26 00:02:29] local.ERROR: SQLSTATE[42S22]: Column not found: 1054 Unknown column 'produtos.updated_at' in 'field list' (Connection: mysql, SQL: update `produtos` set `nome` = Produto Atualizado, `descricao` = Nova descrição do produto, `preco` = 29.99, `produtos`.`updated_at` = 2024-03-26 00:02:29 where `id` = 2) {"exception":"[object] (Illuminate\\Database\\QueryException(code: 42S22): SQLSTATE[42S22]: Column not found: 1054 Unknown column 'produtos.updated_at' in 'field list' (Connection: mysql, SQL: update `produtos` set `nome` = Produto Atualizado, `descricao` = Nova descrição do produto, `preco` = 29.99, `produtos`.`updated_at` = 2024-03-26 00:02:29 where `id` = 2) at C:\\xampp\\htdocs\\APOLucas_Desenvolvimento\\vendor\\illuminate\\database\\Connection.php:829)
[stacktrace]
#0 C:\\xampp\\htdocs\\APOLucas_Desenvolvimento\\vendor\\illuminate\\database\\Connection.php(783): Illuminate\\Database\\Connection->runQueryCallback('update `produto...', Array, Object(Closure))
#1 C:\\xampp\\htdocs\\APOLucas_Desenvolvimento\\vendor\\illuminate\\database\\Connection.php(600): Illuminate\\Database\\Connection->run('update `produto...', Array, Object(Closure))
#2 C:\\xampp\\htdocs\\APOLucas_Desenvolvimento\\vendor\\illuminate\\database\\Connection.php(552): Illuminate\\Database\\Connection->affectingStatement('update `produto...', Array)
#3 C:\\xampp\\htdocs\\APOLucas_Desenvolvimento\\vendor\\illuminate\\database\\Query\\Builder.php(3560): Illuminate\\Database\\Connection->update('update `produto...', Array)
#4 C:\\xampp\\htdocs\\APOLucas_Desenvolvimento\\vendor\\illuminate\\database\\Eloquent\\Builder.php(1060): Illuminate\\Database\\Query\\Builder->update(Array)
#5 C:\\xampp\\htdocs\\APOLucas_Desenvolvimento\\vendor\\illuminate\\database\\Eloquent\\Model.php(1213): Illuminate\\Database\\Eloquent\\Builder->update(Array)
#6 C:\\xampp\\htdocs\\APOLucas_Desenvolvimento\\vendor\\illuminate\\database\\Eloquent\\Model.php(1130): Illuminate\\Database\\Eloquent\\Model->performUpdate(Object(Illuminate\\Database\\Eloquent\\Builder))
#7 C:\\xampp\\htdocs\\APOLucas_Desenvolvimento\\vendor\\illuminate\\database\\Eloquent\\Model.php(990): Illuminate\\Database\\Eloquent\\Model->save(Array)
#8 C:\\xampp\\htdocs\\APOLucas_Desenvolvimento\\app\\Http\\Controllers\\ProdutoController.php(28): Illuminate\\Database\\Eloquent\\Model->update(Array)
#9 C:\\xampp\\htdocs\\APOLucas_Desenvolvimento\\vendor\\illuminate\\container\\BoundMethod.php(36): App\\Http\\Controllers\\ProdutoController->update(Object(Laravel\\Lumen\\Http\\Request), '2')
#10 C:\\xampp\\htdocs\\APOLucas_Desenvolvimento\\vendor\\illuminate\\container\\Util.php(41): Illuminate\\Container\\BoundMethod::Illuminate\\Container\\{closure}()
#11 C:\\xampp\\htdocs\\APOLucas_Desenvolvimento\\vendor\\illuminate\\container\\BoundMethod.php(93): Illuminate\\Container\\Util::unwrapIfClosure(Object(Closure))
#12 C:\\xampp\\htdocs\\APOLucas_Desenvolvimento\\vendor\\illuminate\\container\\BoundMethod.php(35): Illuminate\\Container\\BoundMethod::callBoundMethod(Object(Laravel\\Lumen\\Application), Array, Object(Closure))
#13 C:\\xampp\\htdocs\\APOLucas_Desenvolvimento\\vendor\\illuminate\\container\\Container.php(662): Illuminate\\Container\\BoundMethod::call(Object(Laravel\\Lumen\\Application), Array, Array, NULL)
#14 C:\\xampp\\htdocs\\APOLucas_Desenvolvimento\\vendor\\laravel\\lumen-framework\\src\\Concerns\\RoutesRequests.php(391): Illuminate\\Container\\Container->call(Array, Array)
#15 C:\\xampp\\htdocs\\APOLucas_Desenvolvimento\\vendor\\laravel\\lumen-framework\\src\\Concerns\\RoutesRequests.php(356): Laravel\\Lumen\\Application->callControllerCallable(Array, Array)
#16 C:\\xampp\\htdocs\\APOLucas_Desenvolvimento\\vendor\\laravel\\lumen-framework\\src\\Concerns\\RoutesRequests.php(331): Laravel\\Lumen\\Application->callLumenController(Object(App\\Http\\Controllers\\ProdutoController), 'update', Array)
#17 C:\\xampp\\htdocs\\APOLucas_Desenvolvimento\\vendor\\laravel\\lumen-framework\\src\\Concerns\\RoutesRequests.php(284): Laravel\\Lumen\\Application->callControllerAction(Array)
#18 C:\\xampp\\htdocs\\APOLucas_Desenvolvimento\\vendor\\laravel\\lumen-framework\\src\\Concerns\\RoutesRequests.php(269): Laravel\\Lumen\\Application->callActionOnArrayBasedRoute(Array)
#19 C:\\xampp\\htdocs\\APOLucas_Desenvolvimento\\vendor\\laravel\\lumen-framework\\src\\Concerns\\RoutesRequests.php(239): Laravel\\Lumen\\Application->handleFoundRoute(Array)
#20 C:\\xampp\\htdocs\\APOLucas_Desenvolvimento\\vendor\\laravel\\lumen-framework\\src\\Concerns\\RoutesRequests.php(174): Laravel\\Lumen\\Application->handleDispatcherResponse(Array)
#21 C:\\xampp\\htdocs\\APOLucas_Desenvolvimento\\vendor\\laravel\\lumen-framework\\src\\Concerns\\RoutesRequests.php(431): Laravel\\Lumen\\Application->Laravel\\Lumen\\Concerns\\{closure}(Object(Laravel\\Lumen\\Http\\Request))
#22 C:\\xampp\\htdocs\\APOLucas_Desenvolvimento\\vendor\\laravel\\lumen-framework\\src\\Concerns\\RoutesRequests.php(167): Laravel\\Lumen\\Application->sendThroughPipeline(Array, Object(Closure))
#23 C:\\xampp\\htdocs\\APOLucas_Desenvolvimento\\vendor\\laravel\\lumen-framework\\src\\Concerns\\RoutesRequests.php(112): Laravel\\Lumen\\Application->dispatch(NULL)
#24 C:\\xampp\\htdocs\\APOLucas_Desenvolvimento\\public\\index.php(28): Laravel\\Lumen\\Application->run()
#25 {main}

[previous exception] [object] (PDOException(code: 42S22): SQLSTATE[42S22]: Column not found: 1054 Unknown column 'produtos.updated_at' in 'field list' at C:\\xampp\\htdocs\\APOLucas_Desenvolvimento\\vendor\\illuminate\\database\\Connection.php:608)
[stacktrace]
#0 C:\\xampp\\htdocs\\APOLucas_Desenvolvimento\\vendor\\illuminate\\database\\Connection.php(608): PDO->prepare('update `produto...')
#1 C:\\xampp\\htdocs\\APOLucas_Desenvolvimento\\vendor\\illuminate\\database\\Connection.php(816): Illuminate\\Database\\Connection->Illuminate\\Database\\{closure}('update `produto...', Array)
#2 C:\\xampp\\htdocs\\APOLucas_Desenvolvimento\\vendor\\illuminate\\database\\Connection.php(783): Illuminate\\Database\\Connection->runQueryCallback('update `produto...', Array, Object(Closure))
#3 C:\\xampp\\htdocs\\APOLucas_Desenvolvimento\\vendor\\illuminate\\database\\Connection.php(600): Illuminate\\Database\\Connection->run('update `produto...', Array, Object(Closure))
#4 C:\\xampp\\htdocs\\APOLucas_Desenvolvimento\\vendor\\illuminate\\database\\Connection.php(552): Illuminate\\Database\\Connection->affectingStatement('update `produto...', Array)
#5 C:\\xampp\\htdocs\\APOLucas_Desenvolvimento\\vendor\\illuminate\\database\\Query\\Builder.php(3560): Illuminate\\Database\\Connection->update('update `produto...', Array)
#6 C:\\xampp\\htdocs\\APOLucas_Desenvolvimento\\vendor\\illuminate\\database\\Eloquent\\Builder.php(1060): Illuminate\\Database\\Query\\Builder->update(Array)
#7 C:\\xampp\\htdocs\\APOLucas_Desenvolvimento\\vendor\\illuminate\\database\\Eloquent\\Model.php(1213): Illuminate\\Database\\Eloquent\\Builder->update(Array)
#8 C:\\xampp\\htdocs\\APOLucas_Desenvolvimento\\vendor\\illuminate\\database\\Eloquent\\Model.php(1130): Illuminate\\Database\\Eloquent\\Model->performUpdate(Object(Illuminate\\Database\\Eloquent\\Builder))
#9 C:\\xampp\\htdocs\\APOLucas_Desenvolvimento\\vendor\\illuminate\\database\\Eloquent\\Model.php(990): Illuminate\\Database\\Eloquent\\Model->save(Array)
#10 C:\\xampp\\htdocs\\APOLucas_Desenvolvimento\\app\\Http\\Controllers\\ProdutoController.php(28): Illuminate\\Database\\Eloquent\\Model->update(Array)
#11 C:\\xampp\\htdocs\\APOLucas_Desenvolvimento\\vendor\\illuminate\\container\\BoundMethod.php(36): App\\Http\\Controllers\\ProdutoController->update(Object(Laravel\\Lumen\\Http\\Request), '2')
#12 C:\\xampp\\htdocs\\APOLucas_Desenvolvimento\\vendor\\illuminate\\container\\Util.php(41): Illuminate\\Container\\BoundMethod::Illuminate\\Container\\{closure}()
#13 C:\\xampp\\htdocs\\APOLucas_Desenvolvimento\\vendor\\illuminate\\container\\BoundMethod.php(93): Illuminate\\Container\\Util::unwrapIfClosure(Object(Closure))
#14 C:\\xampp\\htdocs\\APOLucas_Desenvolvimento\\vendor\\illuminate\\container\\BoundMethod.php(35): Illuminate\\Container\\BoundMethod::callBoundMethod(Object(Laravel\\Lumen\\Application), Array, Object(Closure))
#15 C:\\xampp\\htdocs\\APOLucas_Desenvolvimento\\vendor\\illuminate\\container\\Container.php(662): Illuminate\\Container\\BoundMethod::call(Object(Laravel\\Lumen\\Application), Array, Array, NULL)
#16 C:\\xampp\\htdocs\\APOLucas_Desenvolvimento\\vendor\\laravel\\lumen-framework\\src\\Concerns\\RoutesRequests.php(391): Illuminate\\Container\\Container->call(Array, Array)
#17 C:\\xampp\\htdocs\\APOLucas_Desenvolvimento\\vendor\\laravel\\lumen-framework\\src\\Concerns\\RoutesRequests.php(356): Laravel\\Lumen\\Application->callControllerCallable(Array, Array)
#18 C:\\xampp\\htdocs\\APOLucas_Desenvolvimento\\vendor\\laravel\\lumen-framework\\src\\Concerns\\RoutesRequests.php(331): Laravel\\Lumen\\Application->callLumenController(Object(App\\Http\\Controllers\\ProdutoController), 'update', Array)
#19 C:\\xampp\\htdocs\\APOLucas_Desenvolvimento\\vendor\\laravel\\lumen-framework\\src\\Concerns\\RoutesRequests.php(284): Laravel\\Lumen\\Application->callControllerAction(Array)
#20 C:\\xampp\\htdocs\\APOLucas_Desenvolvimento\\vendor\\laravel\\lumen-framework\\src\\Concerns\\RoutesRequests.php(269): Laravel\\Lumen\\Application->callActionOnArrayBasedRoute(Array)
#21 C:\\xampp\\htdocs\\APOLucas_Desenvolvimento\\vendor\\laravel\\lumen-framework\\src\\Concerns\\RoutesRequests.php(239): Laravel\\Lumen\\Application->handleFoundRoute(Array)
#22 C:\\xampp\\htdocs\\APOLucas_Desenvolvimento\\vendor\\laravel\\lumen-framework\\src\\Concerns\\RoutesRequests.php(174): Laravel\\Lumen\\Application->handleDispatcherResponse(Array)
#23 C:\\xampp\\htdocs\\APOLucas_Desenvolvimento\\vendor\\laravel\\lumen-framework\\src\\Concerns\\RoutesRequests.php(431): Laravel\\Lumen\\Application->Laravel\\Lumen\\Concerns\\{closure}(Object(Laravel\\Lumen\\Http\\Request))
#24 C:\\xampp\\htdocs\\APOLucas_Desenvolvimento\\vendor\\laravel\\lumen-framework\\src\\Concerns\\RoutesRequests.php(167): Laravel\\Lumen\\Application->sendThroughPipeline(Array, Object(Closure))
#25 C:\\xampp\\htdocs\\APOLucas_Desenvolvimento\\vendor\\laravel\\lumen-framework\\src\\Concerns\\RoutesRequests.php(112): Laravel\\Lumen\\Application->dispatch(NULL)
#26 C:\\xampp\\htdocs\\APOLucas_Desenvolvimento\\public\\index.php(28): Laravel\\Lumen\\Application->run()
#27 {main}
"} 
[2024-03-26 00:05:05] local.ERROR: SQLSTATE[42S22]: Column not found: 1054 Unknown column 'created_at' in 'field list' (Connection: mysql, SQL: insert into `produtos` (`nome`, `descricao`, `preco`, `updated_at`, `created_at`) values (Novo Produto, Descrição do novo produto, 19.99, 2024-03-26 00:05:05, 2024-03-26 00:05:05)) {"exception":"[object] (Illuminate\\Database\\QueryException(code: 42S22): SQLSTATE[42S22]: Column not found: 1054 Unknown column 'created_at' in 'field list' (Connection: mysql, SQL: insert into `produtos` (`nome`, `descricao`, `preco`, `updated_at`, `created_at`) values (Novo Produto, Descrição do novo produto, 19.99, 2024-03-26 00:05:05, 2024-03-26 00:05:05)) at C:\\xampp\\htdocs\\APOLucas_Desenvolvimento\\vendor\\illuminate\\database\\Connection.php:829)
[stacktrace]
#0 C:\\xampp\\htdocs\\APOLucas_Desenvolvimento\\vendor\\illuminate\\database\\Connection.php(783): Illuminate\\Database\\Connection->runQueryCallback('insert into `pr...', Array, Object(Closure))
#1 C:\\xampp\\htdocs\\APOLucas_Desenvolvimento\\vendor\\illuminate\\database\\Connection.php(576): Illuminate\\Database\\Connection->run('insert into `pr...', Array, Object(Closure))
#2 C:\\xampp\\htdocs\\APOLucas_Desenvolvimento\\vendor\\illuminate\\database\\Connection.php(540): Illuminate\\Database\\Connection->statement('insert into `pr...', Array)
#3 C:\\xampp\\htdocs\\APOLucas_Desenvolvimento\\vendor\\illuminate\\database\\Query\\Processors\\Processor.php(32): Illuminate\\Database\\Connection->insert('insert into `pr...', Array)
#4 C:\\xampp\\htdocs\\APOLucas_Desenvolvimento\\vendor\\illuminate\\database\\Query\\Builder.php(3507): Illuminate\\Database\\Query\\Processors\\Processor->processInsertGetId(Object(Illuminate\\Database\\Query\\Builder), 'insert into `pr...', Array, 'id')
#5 C:\\xampp\\htdocs\\APOLucas_Desenvolvimento\\vendor\\illuminate\\database\\Eloquent\\Builder.php(1969): Illuminate\\Database\\Query\\Builder->insertGetId(Array, 'id')
#6 C:\\xampp\\htdocs\\APOLucas_Desenvolvimento\\vendor\\illuminate\\database\\Eloquent\\Model.php(1333): Illuminate\\Database\\Eloquent\\Builder->__call('insertGetId', Array)
#7 C:\\xampp\\htdocs\\APOLucas_Desenvolvimento\\vendor\\illuminate\\database\\Eloquent\\Model.php(1298): Illuminate\\Database\\Eloquent\\Model->insertAndSetId(Object(Illuminate\\Database\\Eloquent\\Builder), Array)
#8 C:\\xampp\\htdocs\\APOLucas_Desenvolvimento\\vendor\\illuminate\\database\\Eloquent\\Model.php(1137): Illuminate\\Database\\Eloquent\\Model->performInsert(Object(Illuminate\\Database\\Eloquent\\Builder))
#9 C:\\xampp\\htdocs\\APOLucas_Desenvolvimento\\vendor\\illuminate\\database\\Eloquent\\Builder.php(1024): Illuminate\\Database\\Eloquent\\Model->save()
#10 C:\\xampp\\htdocs\\APOLucas_Desenvolvimento\\vendor\\illuminate\\support\\helpers.php(307): Illuminate\\Database\\Eloquent\\Builder->Illuminate\\Database\\Eloquent\\{closure}(Object(App\\Models\\Produto))
#11 C:\\xampp\\htdocs\\APOLucas_Desenvolvimento\\vendor\\illuminate\\database\\Eloquent\\Builder.php(1023): tap(Object(App\\Models\\Produto), Object(Closure))
#12 C:\\xampp\\htdocs\\APOLucas_Desenvolvimento\\vendor\\illuminate\\support\\Traits\\ForwardsCalls.php(23): Illuminate\\Database\\Eloquent\\Builder->create(Array)
#13 C:\\xampp\\htdocs\\APOLucas_Desenvolvimento\\vendor\\illuminate\\database\\Eloquent\\Model.php(2334): Illuminate\\Database\\Eloquent\\Model->forwardCallTo(Object(Illuminate\\Database\\Eloquent\\Builder), 'create', Array)
#14 C:\\xampp\\htdocs\\APOLucas_Desenvolvimento\\vendor\\illuminate\\database\\Eloquent\\Model.php(2346): Illuminate\\Database\\Eloquent\\Model->__call('create', Array)
#15 C:\\xampp\\htdocs\\APOLucas_Desenvolvimento\\app\\Http\\Controllers\\ProdutoController.php(17): Illuminate\\Database\\Eloquent\\Model::__callStatic('create', Array)
#16 C:\\xampp\\htdocs\\APOLucas_Desenvolvimento\\vendor\\illuminate\\container\\BoundMethod.php(36): App\\Http\\Controllers\\ProdutoController->store(Object(Laravel\\Lumen\\Http\\Request))
#17 C:\\xampp\\htdocs\\APOLucas_Desenvolvimento\\vendor\\illuminate\\container\\Util.php(41): Illuminate\\Container\\BoundMethod::Illuminate\\Container\\{closure}()
#18 C:\\xampp\\htdocs\\APOLucas_Desenvolvimento\\vendor\\illuminate\\container\\BoundMethod.php(93): Illuminate\\Container\\Util::unwrapIfClosure(Object(Closure))
#19 C:\\xampp\\htdocs\\APOLucas_Desenvolvimento\\vendor\\illuminate\\container\\BoundMethod.php(35): Illuminate\\Container\\BoundMethod::callBoundMethod(Object(Laravel\\Lumen\\Application), Array, Object(Closure))
#20 C:\\xampp\\htdocs\\APOLucas_Desenvolvimento\\vendor\\illuminate\\container\\Container.php(662): Illuminate\\Container\\BoundMethod::call(Object(Laravel\\Lumen\\Application), Array, Array, NULL)
#21 C:\\xampp\\htdocs\\APOLucas_Desenvolvimento\\vendor\\laravel\\lumen-framework\\src\\Concerns\\RoutesRequests.php(391): Illuminate\\Container\\Container->call(Array, Array)
#22 C:\\xampp\\htdocs\\APOLucas_Desenvolvimento\\vendor\\laravel\\lumen-framework\\src\\Concerns\\RoutesRequests.php(356): Laravel\\Lumen\\Application->callControllerCallable(Array, Array)
#23 C:\\xampp\\htdocs\\APOLucas_Desenvolvimento\\vendor\\laravel\\lumen-framework\\src\\Concerns\\RoutesRequests.php(331): Laravel\\Lumen\\Application->callLumenController(Object(App\\Http\\Controllers\\ProdutoController), 'store', Array)
#24 C:\\xampp\\htdocs\\APOLucas_Desenvolvimento\\vendor\\laravel\\lumen-framework\\src\\Concerns\\RoutesRequests.php(284): Laravel\\Lumen\\Application->callControllerAction(Array)
#25 C:\\xampp\\htdocs\\APOLucas_Desenvolvimento\\vendor\\laravel\\lumen-framework\\src\\Concerns\\RoutesRequests.php(269): Laravel\\Lumen\\Application->callActionOnArrayBasedRoute(Array)
#26 C:\\xampp\\htdocs\\APOLucas_Desenvolvimento\\vendor\\laravel\\lumen-framework\\src\\Concerns\\RoutesRequests.php(171): Laravel\\Lumen\\Application->handleFoundRoute(Array)
#27 C:\\xampp\\htdocs\\APOLucas_Desenvolvimento\\vendor\\laravel\\lumen-framework\\src\\Concerns\\RoutesRequests.php(431): Laravel\\Lumen\\Application->Laravel\\Lumen\\Concerns\\{closure}(Object(Laravel\\Lumen\\Http\\Request))
#28 C:\\xampp\\htdocs\\APOLucas_Desenvolvimento\\vendor\\laravel\\lumen-framework\\src\\Concerns\\RoutesRequests.php(167): Laravel\\Lumen\\Application->sendThroughPipeline(Array, Object(Closure))
#29 C:\\xampp\\htdocs\\APOLucas_Desenvolvimento\\vendor\\laravel\\lumen-framework\\src\\Concerns\\RoutesRequests.php(112): Laravel\\Lumen\\Application->dispatch(NULL)
#30 C:\\xampp\\htdocs\\APOLucas_Desenvolvimento\\public\\index.php(28): Laravel\\Lumen\\Application->run()
#31 {main}

[previous exception] [object] (PDOException(code: 42S22): SQLSTATE[42S22]: Column not found: 1054 Unknown column 'created_at' in 'field list' at C:\\xampp\\htdocs\\APOLucas_Desenvolvimento\\vendor\\illuminate\\database\\Connection.php:581)
[stacktrace]
#0 C:\\xampp\\htdocs\\APOLucas_Desenvolvimento\\vendor\\illuminate\\database\\Connection.php(581): PDO->prepare('insert into `pr...')
#1 C:\\xampp\\htdocs\\APOLucas_Desenvolvimento\\vendor\\illuminate\\database\\Connection.php(816): Illuminate\\Database\\Connection->Illuminate\\Database\\{closure}('insert into `pr...', Array)
#2 C:\\xampp\\htdocs\\APOLucas_Desenvolvimento\\vendor\\illuminate\\database\\Connection.php(783): Illuminate\\Database\\Connection->runQueryCallback('insert into `pr...', Array, Object(Closure))
#3 C:\\xampp\\htdocs\\APOLucas_Desenvolvimento\\vendor\\illuminate\\database\\Connection.php(576): Illuminate\\Database\\Connection->run('insert into `pr...', Array, Object(Closure))
#4 C:\\xampp\\htdocs\\APOLucas_Desenvolvimento\\vendor\\illuminate\\database\\Connection.php(540): Illuminate\\Database\\Connection->statement('insert into `pr...', Array)
#5 C:\\xampp\\htdocs\\APOLucas_Desenvolvimento\\vendor\\illuminate\\database\\Query\\Processors\\Processor.php(32): Illuminate\\Database\\Connection->insert('insert into `pr...', Array)
#6 C:\\xampp\\htdocs\\APOLucas_Desenvolvimento\\vendor\\illuminate\\database\\Query\\Builder.php(3507): Illuminate\\Database\\Query\\Processors\\Processor->processInsertGetId(Object(Illuminate\\Database\\Query\\Builder), 'insert into `pr...', Array, 'id')
#7 C:\\xampp\\htdocs\\APOLucas_Desenvolvimento\\vendor\\illuminate\\database\\Eloquent\\Builder.php(1969): Illuminate\\Database\\Query\\Builder->insertGetId(Array, 'id')
#8 C:\\xampp\\htdocs\\APOLucas_Desenvolvimento\\vendor\\illuminate\\database\\Eloquent\\Model.php(1333): Illuminate\\Database\\Eloquent\\Builder->__call('insertGetId', Array)
#9 C:\\xampp\\htdocs\\APOLucas_Desenvolvimento\\vendor\\illuminate\\database\\Eloquent\\Model.php(1298): Illuminate\\Database\\Eloquent\\Model->insertAndSetId(Object(Illuminate\\Database\\Eloquent\\Builder), Array)
#10 C:\\xampp\\htdocs\\APOLucas_Desenvolvimento\\vendor\\illuminate\\database\\Eloquent\\Model.php(1137): Illuminate\\Database\\Eloquent\\Model->performInsert(Object(Illuminate\\Database\\Eloquent\\Builder))
#11 C:\\xampp\\htdocs\\APOLucas_Desenvolvimento\\vendor\\illuminate\\database\\Eloquent\\Builder.php(1024): Illuminate\\Database\\Eloquent\\Model->save()
#12 C:\\xampp\\htdocs\\APOLucas_Desenvolvimento\\vendor\\illuminate\\support\\helpers.php(307): Illuminate\\Database\\Eloquent\\Builder->Illuminate\\Database\\Eloquent\\{closure}(Object(App\\Models\\Produto))
#13 C:\\xampp\\htdocs\\APOLucas_Desenvolvimento\\vendor\\illuminate\\database\\Eloquent\\Builder.php(1023): tap(Object(App\\Models\\Produto), Object(Closure))
#14 C:\\xampp\\htdocs\\APOLucas_Desenvolvimento\\vendor\\illuminate\\support\\Traits\\ForwardsCalls.php(23): Illuminate\\Database\\Eloquent\\Builder->create(Array)
#15 C:\\xampp\\htdocs\\APOLucas_Desenvolvimento\\vendor\\illuminate\\database\\Eloquent\\Model.php(2334): Illuminate\\Database\\Eloquent\\Model->forwardCallTo(Object(Illuminate\\Database\\Eloquent\\Builder), 'create', Array)
#16 C:\\xampp\\htdocs\\APOLucas_Desenvolvimento\\vendor\\illuminate\\database\\Eloquent\\Model.php(2346): Illuminate\\Database\\Eloquent\\Model->__call('create', Array)
#17 C:\\xampp\\htdocs\\APOLucas_Desenvolvimento\\app\\Http\\Controllers\\ProdutoController.php(17): Illuminate\\Database\\Eloquent\\Model::__callStatic('create', Array)
#18 C:\\xampp\\htdocs\\APOLucas_Desenvolvimento\\vendor\\illuminate\\container\\BoundMethod.php(36): App\\Http\\Controllers\\ProdutoController->store(Object(Laravel\\Lumen\\Http\\Request))
#19 C:\\xampp\\htdocs\\APOLucas_Desenvolvimento\\vendor\\illuminate\\container\\Util.php(41): Illuminate\\Container\\BoundMethod::Illuminate\\Container\\{closure}()
#20 C:\\xampp\\htdocs\\APOLucas_Desenvolvimento\\vendor\\illuminate\\container\\BoundMethod.php(93): Illuminate\\Container\\Util::unwrapIfClosure(Object(Closure))
#21 C:\\xampp\\htdocs\\APOLucas_Desenvolvimento\\vendor\\illuminate\\container\\BoundMethod.php(35): Illuminate\\Container\\BoundMethod::callBoundMethod(Object(Laravel\\Lumen\\Application), Array, Object(Closure))
#22 C:\\xampp\\htdocs\\APOLucas_Desenvolvimento\\vendor\\illuminate\\container\\Container.php(662): Illuminate\\Container\\BoundMethod::call(Object(Laravel\\Lumen\\Application), Array, Array, NULL)
#23 C:\\xampp\\htdocs\\APOLucas_Desenvolvimento\\vendor\\laravel\\lumen-framework\\src\\Concerns\\RoutesRequests.php(391): Illuminate\\Container\\Container->call(Array, Array)
#24 C:\\xampp\\htdocs\\APOLucas_Desenvolvimento\\vendor\\laravel\\lumen-framework\\src\\Concerns\\RoutesRequests.php(356): Laravel\\Lumen\\Application->callControllerCallable(Array, Array)
#25 C:\\xampp\\htdocs\\APOLucas_Desenvolvimento\\vendor\\laravel\\lumen-framework\\src\\Concerns\\RoutesRequests.php(331): Laravel\\Lumen\\Application->callLumenController(Object(App\\Http\\Controllers\\ProdutoController), 'store', Array)
#26 C:\\xampp\\htdocs\\APOLucas_Desenvolvimento\\vendor\\laravel\\lumen-framework\\src\\Concerns\\RoutesRequests.php(284): Laravel\\Lumen\\Application->callControllerAction(Array)
#27 C:\\xampp\\htdocs\\APOLucas_Desenvolvimento\\vendor\\laravel\\lumen-framework\\src\\Concerns\\RoutesRequests.php(269): Laravel\\Lumen\\Application->callActionOnArrayBasedRoute(Array)
#28 C:\\xampp\\htdocs\\APOLucas_Desenvolvimento\\vendor\\laravel\\lumen-framework\\src\\Concerns\\RoutesRequests.php(171): Laravel\\Lumen\\Application->handleFoundRoute(Array)
#29 C:\\xampp\\htdocs\\APOLucas_Desenvolvimento\\vendor\\laravel\\lumen-framework\\src\\Concerns\\RoutesRequests.php(431): Laravel\\Lumen\\Application->Laravel\\Lumen\\Concerns\\{closure}(Object(Laravel\\Lumen\\Http\\Request))
#30 C:\\xampp\\htdocs\\APOLucas_Desenvolvimento\\vendor\\laravel\\lumen-framework\\src\\Concerns\\RoutesRequests.php(167): Laravel\\Lumen\\Application->sendThroughPipeline(Array, Object(Closure))
#31 C:\\xampp\\htdocs\\APOLucas_Desenvolvimento\\vendor\\laravel\\lumen-framework\\src\\Concerns\\RoutesRequests.php(112): Laravel\\Lumen\\Application->dispatch(NULL)
#32 C:\\xampp\\htdocs\\APOLucas_Desenvolvimento\\public\\index.php(28): Laravel\\Lumen\\Application->run()
#33 {main}
"} 
