[2024-03-25 23:01:35] local.ERROR: SQLSTATE[42S02]: Base table or view not found: 1146 Table 'apolucasdesen.produtos' doesn't exist (Connection: mysql, SQL: select * from `produtos`) {"exception":"[object] (Illuminate\\Database\\QueryException(code: 42S02): SQLSTATE[42S02]: Base table or view not found: 1146 Table 'apolucasdesen.produtos' doesn't exist (Connection: mysql, SQL: select * from `produtos`) at C:\\xampp\\htdocs\\APOLucas_Desenvolvimento\\vendor\\illuminate\\database\\Connection.php:829)
[stacktrace]
#0 C:\\xampp\\htdocs\\APOLucas_Desenvolvimento\\vendor\\illuminate\\database\\Connection.php(783): Illuminate\\Database\\Connection->runQueryCallback('select * from `...', Array, Object(Closure))
#1 C:\\xampp\\htdocs\\APOLucas_Desenvolvimento\\vendor\\illuminate\\database\\Connection.php(414): Illuminate\\Database\\Connection->run('select * from `...', Array, Object(Closure))
#2 C:\\xampp\\htdocs\\APOLucas_Desenvolvimento\\vendor\\illuminate\\database\\Query\\Builder.php(2871): Illuminate\\Database\\Connection->select('select * from `...', Array, true)
#3 C:\\xampp\\htdocs\\APOLucas_Desenvolvimento\\vendor\\illuminate\\database\\Query\\Builder.php(2860): Illuminate\\Database\\Query\\Builder->runSelect()
#4 C:\\xampp\\htdocs\\APOLucas_Desenvolvimento\\vendor\\illuminate\\database\\Query\\Builder.php(3414): Illuminate\\Database\\Query\\Builder->Illuminate\\Database\\Query\\{closure}()
#5 C:\\xampp\\htdocs\\APOLucas_Desenvolvimento\\vendor\\illuminate\\database\\Query\\Builder.php(2859): Illuminate\\Database\\Query\\Builder->onceWithColumns(Array, Object(Closure))
#6 C:\\xampp\\htdocs\\APOLucas_Desenvolvimento\\vendor\\illuminate\\database\\Eloquent\\Builder.php(738): Illuminate\\Database\\Query\\Builder->get(Array)
#7 C:\\xampp\\htdocs\\APOLucas_Desenvolvimento\\vendor\\illuminate\\database\\Eloquent\\Builder.php(722): Illuminate\\Database\\Eloquent\\Builder->getModels(Array)
#8 C:\\xampp\\htdocs\\APOLucas_Desenvolvimento\\vendor\\illuminate\\database\\Eloquent\\Model.php(674): Illuminate\\Database\\Eloquent\\Builder->get(Array)
#9 C:\\xampp\\htdocs\\APOLucas_Desenvolvimento\\app\\Http\\Controllers\\ProdutoController.php(12): Illuminate\\Database\\Eloquent\\Model::all()
#10 C:\\xampp\\htdocs\\APOLucas_Desenvolvimento\\vendor\\illuminate\\container\\BoundMethod.php(36): App\\Http\\Controllers\\ProdutoController->index()
#11 C:\\xampp\\htdocs\\APOLucas_Desenvolvimento\\vendor\\illuminate\\container\\Util.php(41): Illuminate\\Container\\BoundMethod::Illuminate\\Container\\{closure}()
#12 C:\\xampp\\htdocs\\APOLucas_Desenvolvimento\\vendor\\illuminate\\container\\BoundMethod.php(93): Illuminate\\Container\\Util::unwrapIfClosure(Object(Closure))
#13 C:\\xampp\\htdocs\\APOLucas_Desenvolvimento\\vendor\\illuminate\\container\\BoundMethod.php(35): Illuminate\\Container\\BoundMethod::callBoundMethod(Object(Laravel\\Lumen\\Application), Array, Object(Closure))
#14 C:\\xampp\\htdocs\\APOLucas_Desenvolvimento\\vendor\\illuminate\\container\\Container.php(662): Illuminate\\Container\\BoundMethod::call(Object(Laravel\\Lumen\\Application), Array, Array, NULL)
#15 C:\\xampp\\htdocs\\APOLucas_Desenvolvimento\\vendor\\laravel\\lumen-framework\\src\\Concerns\\RoutesRequests.php(391): Illuminate\\Container\\Container->call(Array, Array)
#16 C:\\xampp\\htdocs\\APOLucas_Desenvolvimento\\vendor\\laravel\\lumen-framework\\src\\Concerns\\RoutesRequests.php(356): Laravel\\Lumen\\Application->callControllerCallable(Array, Array)
#17 C:\\xampp\\htdocs\\APOLucas_Desenvolvimento\\vendor\\laravel\\lumen-framework\\src\\Concerns\\RoutesRequests.php(331): Laravel\\Lumen\\Application->callLumenController(Object(App\\Http\\Controllers\\ProdutoController), 'index', Array)
#18 C:\\xampp\\htdocs\\APOLucas_Desenvolvimento\\vendor\\laravel\\lumen-framework\\src\\Concerns\\RoutesRequests.php(284): Laravel\\Lumen\\Application->callControllerAction(Array)
#19 C:\\xampp\\htdocs\\APOLucas_Desenvolvimento\\vendor\\laravel\\lumen-framework\\src\\Concerns\\RoutesRequests.php(269): Laravel\\Lumen\\Application->callActionOnArrayBasedRoute(Array)
#20 C:\\xampp\\htdocs\\APOLucas_Desenvolvimento\\vendor\\laravel\\lumen-framework\\src\\Concerns\\RoutesRequests.php(171): Laravel\\Lumen\\Application->handleFoundRoute(Array)
#21 C:\\xampp\\htdocs\\APOLucas_Desenvolvimento\\vendor\\laravel\\lumen-framework\\src\\Concerns\\RoutesRequests.php(431): Laravel\\Lumen\\Application->Laravel\\Lumen\\Concerns\\{closure}(Object(Laravel\\Lumen\\Http\\Request))
#22 C:\\xampp\\htdocs\\APOLucas_Desenvolvimento\\vendor\\laravel\\lumen-framework\\src\\Concerns\\RoutesRequests.php(167): Laravel\\Lumen\\Application->sendThroughPipeline(Array, Object(Closure))
#23 C:\\xampp\\htdocs\\APOLucas_Desenvolvimento\\vendor\\laravel\\lumen-framework\\src\\Concerns\\RoutesRequests.php(112): Laravel\\Lumen\\Application->dispatch(NULL)
#24 C:\\xampp\\htdocs\\APOLucas_Desenvolvimento\\public\\index.php(28): Laravel\\Lumen\\Application->run()
#25 {main}

[previous exception] [object] (PDOException(code: 42S02): SQLSTATE[42S02]: Base table or view not found: 1146 Table 'apolucasdesen.produtos' doesn't exist at C:\\xampp\\htdocs\\APOLucas_Desenvolvimento\\vendor\\illuminate\\database\\Connection.php:423)
[stacktrace]
#0 C:\\xampp\\htdocs\\APOLucas_Desenvolvimento\\vendor\\illuminate\\database\\Connection.php(423): PDO->prepare('select * from `...')
#1 C:\\xampp\\htdocs\\APOLucas_Desenvolvimento\\vendor\\illuminate\\database\\Connection.php(816): Illuminate\\Database\\Connection->Illuminate\\Database\\{closure}('select * from `...', Array)
#2 C:\\xampp\\htdocs\\APOLucas_Desenvolvimento\\vendor\\illuminate\\database\\Connection.php(783): Illuminate\\Database\\Connection->runQueryCallback('select * from `...', Array, Object(Closure))
#3 C:\\xampp\\htdocs\\APOLucas_Desenvolvimento\\vendor\\illuminate\\database\\Connection.php(414): Illuminate\\Database\\Connection->run('select * from `...', Array, Object(Closure))
#4 C:\\xampp\\htdocs\\APOLucas_Desenvolvimento\\vendor\\illuminate\\database\\Query\\Builder.php(2871): Illuminate\\Database\\Connection->select('select * from `...', Array, true)
#5 C:\\xampp\\htdocs\\APOLucas_Desenvolvimento\\vendor\\illuminate\\database\\Query\\Builder.php(2860): Illuminate\\Database\\Query\\Builder->runSelect()
#6 C:\\xampp\\htdocs\\APOLucas_Desenvolvimento\\vendor\\illuminate\\database\\Query\\Builder.php(3414): Illuminate\\Database\\Query\\Builder->Illuminate\\Database\\Query\\{closure}()
#7 C:\\xampp\\htdocs\\APOLucas_Desenvolvimento\\vendor\\illuminate\\database\\Query\\Builder.php(2859): Illuminate\\Database\\Query\\Builder->onceWithColumns(Array, Object(Closure))
#8 C:\\xampp\\htdocs\\APOLucas_Desenvolvimento\\vendor\\illuminate\\database\\Eloquent\\Builder.php(738): Illuminate\\Database\\Query\\Builder->get(Array)
#9 C:\\xampp\\htdocs\\APOLucas_Desenvolvimento\\vendor\\illuminate\\database\\Eloquent\\Builder.php(722): Illuminate\\Database\\Eloquent\\Builder->getModels(Array)
#10 C:\\xampp\\htdocs\\APOLucas_Desenvolvimento\\vendor\\illuminate\\database\\Eloquent\\Model.php(674): Illuminate\\Database\\Eloquent\\Builder->get(Array)
#11 C:\\xampp\\htdocs\\APOLucas_Desenvolvimento\\app\\Http\\Controllers\\ProdutoController.php(12): Illuminate\\Database\\Eloquent\\Model::all()
#12 C:\\xampp\\htdocs\\APOLucas_Desenvolvimento\\vendor\\illuminate\\container\\BoundMethod.php(36): App\\Http\\Controllers\\ProdutoController->index()
#13 C:\\xampp\\htdocs\\APOLucas_Desenvolvimento\\vendor\\illuminate\\container\\Util.php(41): Illuminate\\Container\\BoundMethod::Illuminate\\Container\\{closure}()
#14 C:\\xampp\\htdocs\\APOLucas_Desenvolvimento\\vendor\\illuminate\\container\\BoundMethod.php(93): Illuminate\\Container\\Util::unwrapIfClosure(Object(Closure))
#15 C:\\xampp\\htdocs\\APOLucas_Desenvolvimento\\vendor\\illuminate\\container\\BoundMethod.php(35): Illuminate\\Container\\BoundMethod::callBoundMethod(Object(Laravel\\Lumen\\Application), Array, Object(Closure))
#16 C:\\xampp\\htdocs\\APOLucas_Desenvolvimento\\vendor\\illuminate\\container\\Container.php(662): Illuminate\\Container\\BoundMethod::call(Object(Laravel\\Lumen\\Application), Array, Array, NULL)
#17 C:\\xampp\\htdocs\\APOLucas_Desenvolvimento\\vendor\\laravel\\lumen-framework\\src\\Concerns\\RoutesRequests.php(391): Illuminate\\Container\\Container->call(Array, Array)
#18 C:\\xampp\\htdocs\\APOLucas_Desenvolvimento\\vendor\\laravel\\lumen-framework\\src\\Concerns\\RoutesRequests.php(356): Laravel\\Lumen\\Application->callControllerCallable(Array, Array)
#19 C:\\xampp\\htdocs\\APOLucas_Desenvolvimento\\vendor\\laravel\\lumen-framework\\src\\Concerns\\RoutesRequests.php(331): Laravel\\Lumen\\Application->callLumenController(Object(App\\Http\\Controllers\\ProdutoController), 'index', Array)
#20 C:\\xampp\\htdocs\\APOLucas_Desenvolvimento\\vendor\\laravel\\lumen-framework\\src\\Concerns\\RoutesRequests.php(284): Laravel\\Lumen\\Application->callControllerAction(Array)
#21 C:\\xampp\\htdocs\\APOLucas_Desenvolvimento\\vendor\\laravel\\lumen-framework\\src\\Concerns\\RoutesRequests.php(269): Laravel\\Lumen\\Application->callActionOnArrayBasedRoute(Array)
#22 C:\\xampp\\htdocs\\APOLucas_Desenvolvimento\\vendor\\laravel\\lumen-framework\\src\\Concerns\\RoutesRequests.php(171): Laravel\\Lumen\\Application->handleFoundRoute(Array)
#23 C:\\xampp\\htdocs\\APOLucas_Desenvolvimento\\vendor\\laravel\\lumen-framework\\src\\Concerns\\RoutesRequests.php(431): Laravel\\Lumen\\Application->Laravel\\Lumen\\Concerns\\{closure}(Object(Laravel\\Lumen\\Http\\Request))
#24 C:\\xampp\\htdocs\\APOLucas_Desenvolvimento\\vendor\\laravel\\lumen-framework\\src\\Concerns\\RoutesRequests.php(167): Laravel\\Lumen\\Application->sendThroughPipeline(Array, Object(Closure))
#25 C:\\xampp\\htdocs\\APOLucas_Desenvolvimento\\vendor\\laravel\\lumen-framework\\src\\Concerns\\RoutesRequests.php(112): Laravel\\Lumen\\Application->dispatch(NULL)
#26 C:\\xampp\\htdocs\\APOLucas_Desenvolvimento\\public\\index.php(28): Laravel\\Lumen\\Application->run()
#27 {main}
"} 
[2024-03-25 23:04:05] local.ERROR: SQLSTATE[42S02]: Base table or view not found: 1146 Table 'apolucasdesen.produtos' doesn't exist (Connection: mysql, SQL: select * from `produtos`) {"exception":"[object] (Illuminate\\Database\\QueryException(code: 42S02): SQLSTATE[42S02]: Base table or view not found: 1146 Table 'apolucasdesen.produtos' doesn't exist (Connection: mysql, SQL: select * from `produtos`) at C:\\xampp\\htdocs\\APOLucas_Desenvolvimento\\vendor\\illuminate\\database\\Connection.php:829)
[stacktrace]
#0 C:\\xampp\\htdocs\\APOLucas_Desenvolvimento\\vendor\\illuminate\\database\\Connection.php(783): Illuminate\\Database\\Connection->runQueryCallback('select * from `...', Array, Object(Closure))
#1 C:\\xampp\\htdocs\\APOLucas_Desenvolvimento\\vendor\\illuminate\\database\\Connection.php(414): Illuminate\\Database\\Connection->run('select * from `...', Array, Object(Closure))
#2 C:\\xampp\\htdocs\\APOLucas_Desenvolvimento\\vendor\\illuminate\\database\\Query\\Builder.php(2871): Illuminate\\Database\\Connection->select('select * from `...', Array, true)
#3 C:\\xampp\\htdocs\\APOLucas_Desenvolvimento\\vendor\\illuminate\\database\\Query\\Builder.php(2860): Illuminate\\Database\\Query\\Builder->runSelect()
#4 C:\\xampp\\htdocs\\APOLucas_Desenvolvimento\\vendor\\illuminate\\database\\Query\\Builder.php(3414): Illuminate\\Database\\Query\\Builder->Illuminate\\Database\\Query\\{closure}()
#5 C:\\xampp\\htdocs\\APOLucas_Desenvolvimento\\vendor\\illuminate\\database\\Query\\Builder.php(2859): Illuminate\\Database\\Query\\Builder->onceWithColumns(Array, Object(Closure))
#6 C:\\xampp\\htdocs\\APOLucas_Desenvolvimento\\vendor\\illuminate\\database\\Eloquent\\Builder.php(738): Illuminate\\Database\\Query\\Builder->get(Array)
#7 C:\\xampp\\htdocs\\APOLucas_Desenvolvimento\\vendor\\illuminate\\database\\Eloquent\\Builder.php(722): Illuminate\\Database\\Eloquent\\Builder->getModels(Array)
#8 C:\\xampp\\htdocs\\APOLucas_Desenvolvimento\\vendor\\illuminate\\database\\Eloquent\\Model.php(674): Illuminate\\Database\\Eloquent\\Builder->get(Array)
#9 C:\\xampp\\htdocs\\APOLucas_Desenvolvimento\\app\\Http\\Controllers\\ProdutoController.php(12): Illuminate\\Database\\Eloquent\\Model::all()
#10 C:\\xampp\\htdocs\\APOLucas_Desenvolvimento\\vendor\\illuminate\\container\\BoundMethod.php(36): App\\Http\\Controllers\\ProdutoController->index()
#11 C:\\xampp\\htdocs\\APOLucas_Desenvolvimento\\vendor\\illuminate\\container\\Util.php(41): Illuminate\\Container\\BoundMethod::Illuminate\\Container\\{closure}()
#12 C:\\xampp\\htdocs\\APOLucas_Desenvolvimento\\vendor\\illuminate\\container\\BoundMethod.php(93): Illuminate\\Container\\Util::unwrapIfClosure(Object(Closure))
#13 C:\\xampp\\htdocs\\APOLucas_Desenvolvimento\\vendor\\illuminate\\container\\BoundMethod.php(35): Illuminate\\Container\\BoundMethod::callBoundMethod(Object(Laravel\\Lumen\\Application), Array, Object(Closure))
#14 C:\\xampp\\htdocs\\APOLucas_Desenvolvimento\\vendor\\illuminate\\container\\Container.php(662): Illuminate\\Container\\BoundMethod::call(Object(Laravel\\Lumen\\Application), Array, Array, NULL)
#15 C:\\xampp\\htdocs\\APOLucas_Desenvolvimento\\vendor\\laravel\\lumen-framework\\src\\Concerns\\RoutesRequests.php(391): Illuminate\\Container\\Container->call(Array, Array)
#16 C:\\xampp\\htdocs\\APOLucas_Desenvolvimento\\vendor\\laravel\\lumen-framework\\src\\Concerns\\RoutesRequests.php(356): Laravel\\Lumen\\Application->callControllerCallable(Array, Array)
#17 C:\\xampp\\htdocs\\APOLucas_Desenvolvimento\\vendor\\laravel\\lumen-framework\\src\\Concerns\\RoutesRequests.php(331): Laravel\\Lumen\\Application->callLumenController(Object(App\\Http\\Controllers\\ProdutoController), 'index', Array)
#18 C:\\xampp\\htdocs\\APOLucas_Desenvolvimento\\vendor\\laravel\\lumen-framework\\src\\Concerns\\RoutesRequests.php(284): Laravel\\Lumen\\Application->callControllerAction(Array)
#19 C:\\xampp\\htdocs\\APOLucas_Desenvolvimento\\vendor\\laravel\\lumen-framework\\src\\Concerns\\RoutesRequests.php(269): Laravel\\Lumen\\Application->callActionOnArrayBasedRoute(Array)
#20 C:\\xampp\\htdocs\\APOLucas_Desenvolvimento\\vendor\\laravel\\lumen-framework\\src\\Concerns\\RoutesRequests.php(171): Laravel\\Lumen\\Application->handleFoundRoute(Array)
#21 C:\\xampp\\htdocs\\APOLucas_Desenvolvimento\\vendor\\laravel\\lumen-framework\\src\\Concerns\\RoutesRequests.php(431): Laravel\\Lumen\\Application->Laravel\\Lumen\\Concerns\\{closure}(Object(Laravel\\Lumen\\Http\\Request))
#22 C:\\xampp\\htdocs\\APOLucas_Desenvolvimento\\vendor\\laravel\\lumen-framework\\src\\Concerns\\RoutesRequests.php(167): Laravel\\Lumen\\Application->sendThroughPipeline(Array, Object(Closure))
#23 C:\\xampp\\htdocs\\APOLucas_Desenvolvimento\\vendor\\laravel\\lumen-framework\\src\\Concerns\\RoutesRequests.php(112): Laravel\\Lumen\\Application->dispatch(NULL)
#24 C:\\xampp\\htdocs\\APOLucas_Desenvolvimento\\public\\index.php(28): Laravel\\Lumen\\Application->run()
#25 {main}

[previous exception] [object] (PDOException(code: 42S02): SQLSTATE[42S02]: Base table or view not found: 1146 Table 'apolucasdesen.produtos' doesn't exist at C:\\xampp\\htdocs\\APOLucas_Desenvolvimento\\vendor\\illuminate\\database\\Connection.php:423)
[stacktrace]
#0 C:\\xampp\\htdocs\\APOLucas_Desenvolvimento\\vendor\\illuminate\\database\\Connection.php(423): PDO->prepare('select * from `...')
#1 C:\\xampp\\htdocs\\APOLucas_Desenvolvimento\\vendor\\illuminate\\database\\Connection.php(816): Illuminate\\Database\\Connection->Illuminate\\Database\\{closure}('select * from `...', Array)
#2 C:\\xampp\\htdocs\\APOLucas_Desenvolvimento\\vendor\\illuminate\\database\\Connection.php(783): Illuminate\\Database\\Connection->runQueryCallback('select * from `...', Array, Object(Closure))
#3 C:\\xampp\\htdocs\\APOLucas_Desenvolvimento\\vendor\\illuminate\\database\\Connection.php(414): Illuminate\\Database\\Connection->run('select * from `...', Array, Object(Closure))
#4 C:\\xampp\\htdocs\\APOLucas_Desenvolvimento\\vendor\\illuminate\\database\\Query\\Builder.php(2871): Illuminate\\Database\\Connection->select('select * from `...', Array, true)
#5 C:\\xampp\\htdocs\\APOLucas_Desenvolvimento\\vendor\\illuminate\\database\\Query\\Builder.php(2860): Illuminate\\Database\\Query\\Builder->runSelect()
#6 C:\\xampp\\htdocs\\APOLucas_Desenvolvimento\\vendor\\illuminate\\database\\Query\\Builder.php(3414): Illuminate\\Database\\Query\\Builder->Illuminate\\Database\\Query\\{closure}()
#7 C:\\xampp\\htdocs\\APOLucas_Desenvolvimento\\vendor\\illuminate\\database\\Query\\Builder.php(2859): Illuminate\\Database\\Query\\Builder->onceWithColumns(Array, Object(Closure))
#8 C:\\xampp\\htdocs\\APOLucas_Desenvolvimento\\vendor\\illuminate\\database\\Eloquent\\Builder.php(738): Illuminate\\Database\\Query\\Builder->get(Array)
#9 C:\\xampp\\htdocs\\APOLucas_Desenvolvimento\\vendor\\illuminate\\database\\Eloquent\\Builder.php(722): Illuminate\\Database\\Eloquent\\Builder->getModels(Array)
#10 C:\\xampp\\htdocs\\APOLucas_Desenvolvimento\\vendor\\illuminate\\database\\Eloquent\\Model.php(674): Illuminate\\Database\\Eloquent\\Builder->get(Array)
#11 C:\\xampp\\htdocs\\APOLucas_Desenvolvimento\\app\\Http\\Controllers\\ProdutoController.php(12): Illuminate\\Database\\Eloquent\\Model::all()
#12 C:\\xampp\\htdocs\\APOLucas_Desenvolvimento\\vendor\\illuminate\\container\\BoundMethod.php(36): App\\Http\\Controllers\\ProdutoController->index()
#13 C:\\xampp\\htdocs\\APOLucas_Desenvolvimento\\vendor\\illuminate\\container\\Util.php(41): Illuminate\\Container\\BoundMethod::Illuminate\\Container\\{closure}()
#14 C:\\xampp\\htdocs\\APOLucas_Desenvolvimento\\vendor\\illuminate\\container\\BoundMethod.php(93): Illuminate\\Container\\Util::unwrapIfClosure(Object(Closure))
#15 C:\\xampp\\htdocs\\APOLucas_Desenvolvimento\\vendor\\illuminate\\container\\BoundMethod.php(35): Illuminate\\Container\\BoundMethod::callBoundMethod(Object(Laravel\\Lumen\\Application), Array, Object(Closure))
#16 C:\\xampp\\htdocs\\APOLucas_Desenvolvimento\\vendor\\illuminate\\container\\Container.php(662): Illuminate\\Container\\BoundMethod::call(Object(Laravel\\Lumen\\Application), Array, Array, NULL)
#17 C:\\xampp\\htdocs\\APOLucas_Desenvolvimento\\vendor\\laravel\\lumen-framework\\src\\Concerns\\RoutesRequests.php(391): Illuminate\\Container\\Container->call(Array, Array)
#18 C:\\xampp\\htdocs\\APOLucas_Desenvolvimento\\vendor\\laravel\\lumen-framework\\src\\Concerns\\RoutesRequests.php(356): Laravel\\Lumen\\Application->callControllerCallable(Array, Array)
#19 C:\\xampp\\htdocs\\APOLucas_Desenvolvimento\\vendor\\laravel\\lumen-framework\\src\\Concerns\\RoutesRequests.php(331): Laravel\\Lumen\\Application->callLumenController(Object(App\\Http\\Controllers\\ProdutoController), 'index', Array)
#20 C:\\xampp\\htdocs\\APOLucas_Desenvolvimento\\vendor\\laravel\\lumen-framework\\src\\Concerns\\RoutesRequests.php(284): Laravel\\Lumen\\Application->callControllerAction(Array)
#21 C:\\xampp\\htdocs\\APOLucas_Desenvolvimento\\vendor\\laravel\\lumen-framework\\src\\Concerns\\RoutesRequests.php(269): Laravel\\Lumen\\Application->callActionOnArrayBasedRoute(Array)
#22 C:\\xampp\\htdocs\\APOLucas_Desenvolvimento\\vendor\\laravel\\lumen-framework\\src\\Concerns\\RoutesRequests.php(171): Laravel\\Lumen\\Application->handleFoundRoute(Array)
#23 C:\\xampp\\htdocs\\APOLucas_Desenvolvimento\\vendor\\laravel\\lumen-framework\\src\\Concerns\\RoutesRequests.php(431): Laravel\\Lumen\\Application->Laravel\\Lumen\\Concerns\\{closure}(Object(Laravel\\Lumen\\Http\\Request))
#24 C:\\xampp\\htdocs\\APOLucas_Desenvolvimento\\vendor\\laravel\\lumen-framework\\src\\Concerns\\RoutesRequests.php(167): Laravel\\Lumen\\Application->sendThroughPipeline(Array, Object(Closure))
#25 C:\\xampp\\htdocs\\APOLucas_Desenvolvimento\\vendor\\laravel\\lumen-framework\\src\\Concerns\\RoutesRequests.php(112): Laravel\\Lumen\\Application->dispatch(NULL)
#26 C:\\xampp\\htdocs\\APOLucas_Desenvolvimento\\public\\index.php(28): Laravel\\Lumen\\Application->run()
#27 {main}
"} 
[2024-03-25 23:10:22] local.ERROR: SQLSTATE[42S02]: Base table or view not found: 1146 Table 'apolucasdesen.fornecedors' doesn't exist (Connection: mysql, SQL: select * from `fornecedors`) {"exception":"[object] (Illuminate\\Database\\QueryException(code: 42S02): SQLSTATE[42S02]: Base table or view not found: 1146 Table 'apolucasdesen.fornecedors' doesn't exist (Connection: mysql, SQL: select * from `fornecedors`) at C:\\xampp\\htdocs\\APOLucas_Desenvolvimento\\vendor\\illuminate\\database\\Connection.php:829)
[stacktrace]
#0 C:\\xampp\\htdocs\\APOLucas_Desenvolvimento\\vendor\\illuminate\\database\\Connection.php(783): Illuminate\\Database\\Connection->runQueryCallback('select * from `...', Array, Object(Closure))
#1 C:\\xampp\\htdocs\\APOLucas_Desenvolvimento\\vendor\\illuminate\\database\\Connection.php(414): Illuminate\\Database\\Connection->run('select * from `...', Array, Object(Closure))
#2 C:\\xampp\\htdocs\\APOLucas_Desenvolvimento\\vendor\\illuminate\\database\\Query\\Builder.php(2871): Illuminate\\Database\\Connection->select('select * from `...', Array, true)
#3 C:\\xampp\\htdocs\\APOLucas_Desenvolvimento\\vendor\\illuminate\\database\\Query\\Builder.php(2860): Illuminate\\Database\\Query\\Builder->runSelect()
#4 C:\\xampp\\htdocs\\APOLucas_Desenvolvimento\\vendor\\illuminate\\database\\Query\\Builder.php(3414): Illuminate\\Database\\Query\\Builder->Illuminate\\Database\\Query\\{closure}()
#5 C:\\xampp\\htdocs\\APOLucas_Desenvolvimento\\vendor\\illuminate\\database\\Query\\Builder.php(2859): Illuminate\\Database\\Query\\Builder->onceWithColumns(Array, Object(Closure))
#6 C:\\xampp\\htdocs\\APOLucas_Desenvolvimento\\vendor\\illuminate\\database\\Eloquent\\Builder.php(738): Illuminate\\Database\\Query\\Builder->get(Array)
#7 C:\\xampp\\htdocs\\APOLucas_Desenvolvimento\\vendor\\illuminate\\database\\Eloquent\\Builder.php(722): Illuminate\\Database\\Eloquent\\Builder->getModels(Array)
#8 C:\\xampp\\htdocs\\APOLucas_Desenvolvimento\\vendor\\illuminate\\database\\Eloquent\\Model.php(674): Illuminate\\Database\\Eloquent\\Builder->get(Array)
#9 C:\\xampp\\htdocs\\APOLucas_Desenvolvimento\\app\\Http\\Controllers\\FornecedorController.php(12): Illuminate\\Database\\Eloquent\\Model::all()
#10 C:\\xampp\\htdocs\\APOLucas_Desenvolvimento\\vendor\\illuminate\\container\\BoundMethod.php(36): App\\Http\\Controllers\\FornecedorController->index()
#11 C:\\xampp\\htdocs\\APOLucas_Desenvolvimento\\vendor\\illuminate\\container\\Util.php(41): Illuminate\\Container\\BoundMethod::Illuminate\\Container\\{closure}()
#12 C:\\xampp\\htdocs\\APOLucas_Desenvolvimento\\vendor\\illuminate\\container\\BoundMethod.php(93): Illuminate\\Container\\Util::unwrapIfClosure(Object(Closure))
#13 C:\\xampp\\htdocs\\APOLucas_Desenvolvimento\\vendor\\illuminate\\container\\BoundMethod.php(35): Illuminate\\Container\\BoundMethod::callBoundMethod(Object(Laravel\\Lumen\\Application), Array, Object(Closure))
#14 C:\\xampp\\htdocs\\APOLucas_Desenvolvimento\\vendor\\illuminate\\container\\Container.php(662): Illuminate\\Container\\BoundMethod::call(Object(Laravel\\Lumen\\Application), Array, Array, NULL)
#15 C:\\xampp\\htdocs\\APOLucas_Desenvolvimento\\vendor\\laravel\\lumen-framework\\src\\Concerns\\RoutesRequests.php(391): Illuminate\\Container\\Container->call(Array, Array)
#16 C:\\xampp\\htdocs\\APOLucas_Desenvolvimento\\vendor\\laravel\\lumen-framework\\src\\Concerns\\RoutesRequests.php(356): Laravel\\Lumen\\Application->callControllerCallable(Array, Array)
#17 C:\\xampp\\htdocs\\APOLucas_Desenvolvimento\\vendor\\laravel\\lumen-framework\\src\\Concerns\\RoutesRequests.php(331): Laravel\\Lumen\\Application->callLumenController(Object(App\\Http\\Controllers\\FornecedorController), 'index', Array)
#18 C:\\xampp\\htdocs\\APOLucas_Desenvolvimento\\vendor\\laravel\\lumen-framework\\src\\Concerns\\RoutesRequests.php(284): Laravel\\Lumen\\Application->callControllerAction(Array)
#19 C:\\xampp\\htdocs\\APOLucas_Desenvolvimento\\vendor\\laravel\\lumen-framework\\src\\Concerns\\RoutesRequests.php(269): Laravel\\Lumen\\Application->callActionOnArrayBasedRoute(Array)
#20 C:\\xampp\\htdocs\\APOLucas_Desenvolvimento\\vendor\\laravel\\lumen-framework\\src\\Concerns\\RoutesRequests.php(171): Laravel\\Lumen\\Application->handleFoundRoute(Array)
#21 C:\\xampp\\htdocs\\APOLucas_Desenvolvimento\\vendor\\laravel\\lumen-framework\\src\\Concerns\\RoutesRequests.php(431): Laravel\\Lumen\\Application->Laravel\\Lumen\\Concerns\\{closure}(Object(Laravel\\Lumen\\Http\\Request))
#22 C:\\xampp\\htdocs\\APOLucas_Desenvolvimento\\vendor\\laravel\\lumen-framework\\src\\Concerns\\RoutesRequests.php(167): Laravel\\Lumen\\Application->sendThroughPipeline(Array, Object(Closure))
#23 C:\\xampp\\htdocs\\APOLucas_Desenvolvimento\\vendor\\laravel\\lumen-framework\\src\\Concerns\\RoutesRequests.php(112): Laravel\\Lumen\\Application->dispatch(NULL)
#24 C:\\xampp\\htdocs\\APOLucas_Desenvolvimento\\public\\index.php(28): Laravel\\Lumen\\Application->run()
#25 {main}

[previous exception] [object] (PDOException(code: 42S02): SQLSTATE[42S02]: Base table or view not found: 1146 Table 'apolucasdesen.fornecedors' doesn't exist at C:\\xampp\\htdocs\\APOLucas_Desenvolvimento\\vendor\\illuminate\\database\\Connection.php:423)
[stacktrace]
#0 C:\\xampp\\htdocs\\APOLucas_Desenvolvimento\\vendor\\illuminate\\database\\Connection.php(423): PDO->prepare('select * from `...')
#1 C:\\xampp\\htdocs\\APOLucas_Desenvolvimento\\vendor\\illuminate\\database\\Connection.php(816): Illuminate\\Database\\Connection->Illuminate\\Database\\{closure}('select * from `...', Array)
#2 C:\\xampp\\htdocs\\APOLucas_Desenvolvimento\\vendor\\illuminate\\database\\Connection.php(783): Illuminate\\Database\\Connection->runQueryCallback('select * from `...', Array, Object(Closure))
#3 C:\\xampp\\htdocs\\APOLucas_Desenvolvimento\\vendor\\illuminate\\database\\Connection.php(414): Illuminate\\Database\\Connection->run('select * from `...', Array, Object(Closure))
#4 C:\\xampp\\htdocs\\APOLucas_Desenvolvimento\\vendor\\illuminate\\database\\Query\\Builder.php(2871): Illuminate\\Database\\Connection->select('select * from `...', Array, true)
#5 C:\\xampp\\htdocs\\APOLucas_Desenvolvimento\\vendor\\illuminate\\database\\Query\\Builder.php(2860): Illuminate\\Database\\Query\\Builder->runSelect()
#6 C:\\xampp\\htdocs\\APOLucas_Desenvolvimento\\vendor\\illuminate\\database\\Query\\Builder.php(3414): Illuminate\\Database\\Query\\Builder->Illuminate\\Database\\Query\\{closure}()
#7 C:\\xampp\\htdocs\\APOLucas_Desenvolvimento\\vendor\\illuminate\\database\\Query\\Builder.php(2859): Illuminate\\Database\\Query\\Builder->onceWithColumns(Array, Object(Closure))
#8 C:\\xampp\\htdocs\\APOLucas_Desenvolvimento\\vendor\\illuminate\\database\\Eloquent\\Builder.php(738): Illuminate\\Database\\Query\\Builder->get(Array)
#9 C:\\xampp\\htdocs\\APOLucas_Desenvolvimento\\vendor\\illuminate\\database\\Eloquent\\Builder.php(722): Illuminate\\Database\\Eloquent\\Builder->getModels(Array)
#10 C:\\xampp\\htdocs\\APOLucas_Desenvolvimento\\vendor\\illuminate\\database\\Eloquent\\Model.php(674): Illuminate\\Database\\Eloquent\\Builder->get(Array)
#11 C:\\xampp\\htdocs\\APOLucas_Desenvolvimento\\app\\Http\\Controllers\\FornecedorController.php(12): Illuminate\\Database\\Eloquent\\Model::all()
#12 C:\\xampp\\htdocs\\APOLucas_Desenvolvimento\\vendor\\illuminate\\container\\BoundMethod.php(36): App\\Http\\Controllers\\FornecedorController->index()
#13 C:\\xampp\\htdocs\\APOLucas_Desenvolvimento\\vendor\\illuminate\\container\\Util.php(41): Illuminate\\Container\\BoundMethod::Illuminate\\Container\\{closure}()
#14 C:\\xampp\\htdocs\\APOLucas_Desenvolvimento\\vendor\\illuminate\\container\\BoundMethod.php(93): Illuminate\\Container\\Util::unwrapIfClosure(Object(Closure))
#15 C:\\xampp\\htdocs\\APOLucas_Desenvolvimento\\vendor\\illuminate\\container\\BoundMethod.php(35): Illuminate\\Container\\BoundMethod::callBoundMethod(Object(Laravel\\Lumen\\Application), Array, Object(Closure))
#16 C:\\xampp\\htdocs\\APOLucas_Desenvolvimento\\vendor\\illuminate\\container\\Container.php(662): Illuminate\\Container\\BoundMethod::call(Object(Laravel\\Lumen\\Application), Array, Array, NULL)
#17 C:\\xampp\\htdocs\\APOLucas_Desenvolvimento\\vendor\\laravel\\lumen-framework\\src\\Concerns\\RoutesRequests.php(391): Illuminate\\Container\\Container->call(Array, Array)
#18 C:\\xampp\\htdocs\\APOLucas_Desenvolvimento\\vendor\\laravel\\lumen-framework\\src\\Concerns\\RoutesRequests.php(356): Laravel\\Lumen\\Application->callControllerCallable(Array, Array)
#19 C:\\xampp\\htdocs\\APOLucas_Desenvolvimento\\vendor\\laravel\\lumen-framework\\src\\Concerns\\RoutesRequests.php(331): Laravel\\Lumen\\Application->callLumenController(Object(App\\Http\\Controllers\\FornecedorController), 'index', Array)
#20 C:\\xampp\\htdocs\\APOLucas_Desenvolvimento\\vendor\\laravel\\lumen-framework\\src\\Concerns\\RoutesRequests.php(284): Laravel\\Lumen\\Application->callControllerAction(Array)
#21 C:\\xampp\\htdocs\\APOLucas_Desenvolvimento\\vendor\\laravel\\lumen-framework\\src\\Concerns\\RoutesRequests.php(269): Laravel\\Lumen\\Application->callActionOnArrayBasedRoute(Array)
#22 C:\\xampp\\htdocs\\APOLucas_Desenvolvimento\\vendor\\laravel\\lumen-framework\\src\\Concerns\\RoutesRequests.php(171): Laravel\\Lumen\\Application->handleFoundRoute(Array)
#23 C:\\xampp\\htdocs\\APOLucas_Desenvolvimento\\vendor\\laravel\\lumen-framework\\src\\Concerns\\RoutesRequests.php(431): Laravel\\Lumen\\Application->Laravel\\Lumen\\Concerns\\{closure}(Object(Laravel\\Lumen\\Http\\Request))
#24 C:\\xampp\\htdocs\\APOLucas_Desenvolvimento\\vendor\\laravel\\lumen-framework\\src\\Concerns\\RoutesRequests.php(167): Laravel\\Lumen\\Application->sendThroughPipeline(Array, Object(Closure))
#25 C:\\xampp\\htdocs\\APOLucas_Desenvolvimento\\vendor\\laravel\\lumen-framework\\src\\Concerns\\RoutesRequests.php(112): Laravel\\Lumen\\Application->dispatch(NULL)
#26 C:\\xampp\\htdocs\\APOLucas_Desenvolvimento\\public\\index.php(28): Laravel\\Lumen\\Application->run()
#27 {main}
"} 
[2024-03-25 23:10:26] local.ERROR: SQLSTATE[42S02]: Base table or view not found: 1146 Table 'apolucasdesen.fornecedors' doesn't exist (Connection: mysql, SQL: select * from `fornecedors`) {"exception":"[object] (Illuminate\\Database\\QueryException(code: 42S02): SQLSTATE[42S02]: Base table or view not found: 1146 Table 'apolucasdesen.fornecedors' doesn't exist (Connection: mysql, SQL: select * from `fornecedors`) at C:\\xampp\\htdocs\\APOLucas_Desenvolvimento\\vendor\\illuminate\\database\\Connection.php:829)
[stacktrace]
#0 C:\\xampp\\htdocs\\APOLucas_Desenvolvimento\\vendor\\illuminate\\database\\Connection.php(783): Illuminate\\Database\\Connection->runQueryCallback('select * from `...', Array, Object(Closure))
#1 C:\\xampp\\htdocs\\APOLucas_Desenvolvimento\\vendor\\illuminate\\database\\Connection.php(414): Illuminate\\Database\\Connection->run('select * from `...', Array, Object(Closure))
#2 C:\\xampp\\htdocs\\APOLucas_Desenvolvimento\\vendor\\illuminate\\database\\Query\\Builder.php(2871): Illuminate\\Database\\Connection->select('select * from `...', Array, true)
#3 C:\\xampp\\htdocs\\APOLucas_Desenvolvimento\\vendor\\illuminate\\database\\Query\\Builder.php(2860): Illuminate\\Database\\Query\\Builder->runSelect()
#4 C:\\xampp\\htdocs\\APOLucas_Desenvolvimento\\vendor\\illuminate\\database\\Query\\Builder.php(3414): Illuminate\\Database\\Query\\Builder->Illuminate\\Database\\Query\\{closure}()
#5 C:\\xampp\\htdocs\\APOLucas_Desenvolvimento\\vendor\\illuminate\\database\\Query\\Builder.php(2859): Illuminate\\Database\\Query\\Builder->onceWithColumns(Array, Object(Closure))
#6 C:\\xampp\\htdocs\\APOLucas_Desenvolvimento\\vendor\\illuminate\\database\\Eloquent\\Builder.php(738): Illuminate\\Database\\Query\\Builder->get(Array)
#7 C:\\xampp\\htdocs\\APOLucas_Desenvolvimento\\vendor\\illuminate\\database\\Eloquent\\Builder.php(722): Illuminate\\Database\\Eloquent\\Builder->getModels(Array)
#8 C:\\xampp\\htdocs\\APOLucas_Desenvolvimento\\vendor\\illuminate\\database\\Eloquent\\Model.php(674): Illuminate\\Database\\Eloquent\\Builder->get(Array)
#9 C:\\xampp\\htdocs\\APOLucas_Desenvolvimento\\app\\Http\\Controllers\\FornecedorController.php(12): Illuminate\\Database\\Eloquent\\Model::all()
#10 C:\\xampp\\htdocs\\APOLucas_Desenvolvimento\\vendor\\illuminate\\container\\BoundMethod.php(36): App\\Http\\Controllers\\FornecedorController->index()
#11 C:\\xampp\\htdocs\\APOLucas_Desenvolvimento\\vendor\\illuminate\\container\\Util.php(41): Illuminate\\Container\\BoundMethod::Illuminate\\Container\\{closure}()
#12 C:\\xampp\\htdocs\\APOLucas_Desenvolvimento\\vendor\\illuminate\\container\\BoundMethod.php(93): Illuminate\\Container\\Util::unwrapIfClosure(Object(Closure))
#13 C:\\xampp\\htdocs\\APOLucas_Desenvolvimento\\vendor\\illuminate\\container\\BoundMethod.php(35): Illuminate\\Container\\BoundMethod::callBoundMethod(Object(Laravel\\Lumen\\Application), Array, Object(Closure))
#14 C:\\xampp\\htdocs\\APOLucas_Desenvolvimento\\vendor\\illuminate\\container\\Container.php(662): Illuminate\\Container\\BoundMethod::call(Object(Laravel\\Lumen\\Application), Array, Array, NULL)
#15 C:\\xampp\\htdocs\\APOLucas_Desenvolvimento\\vendor\\laravel\\lumen-framework\\src\\Concerns\\RoutesRequests.php(391): Illuminate\\Container\\Container->call(Array, Array)
#16 C:\\xampp\\htdocs\\APOLucas_Desenvolvimento\\vendor\\laravel\\lumen-framework\\src\\Concerns\\RoutesRequests.php(356): Laravel\\Lumen\\Application->callControllerCallable(Array, Array)
#17 C:\\xampp\\htdocs\\APOLucas_Desenvolvimento\\vendor\\laravel\\lumen-framework\\src\\Concerns\\RoutesRequests.php(331): Laravel\\Lumen\\Application->callLumenController(Object(App\\Http\\Controllers\\FornecedorController), 'index', Array)
#18 C:\\xampp\\htdocs\\APOLucas_Desenvolvimento\\vendor\\laravel\\lumen-framework\\src\\Concerns\\RoutesRequests.php(284): Laravel\\Lumen\\Application->callControllerAction(Array)
#19 C:\\xampp\\htdocs\\APOLucas_Desenvolvimento\\vendor\\laravel\\lumen-framework\\src\\Concerns\\RoutesRequests.php(269): Laravel\\Lumen\\Application->callActionOnArrayBasedRoute(Array)
#20 C:\\xampp\\htdocs\\APOLucas_Desenvolvimento\\vendor\\laravel\\lumen-framework\\src\\Concerns\\RoutesRequests.php(171): Laravel\\Lumen\\Application->handleFoundRoute(Array)
#21 C:\\xampp\\htdocs\\APOLucas_Desenvolvimento\\vendor\\laravel\\lumen-framework\\src\\Concerns\\RoutesRequests.php(431): Laravel\\Lumen\\Application->Laravel\\Lumen\\Concerns\\{closure}(Object(Laravel\\Lumen\\Http\\Request))
#22 C:\\xampp\\htdocs\\APOLucas_Desenvolvimento\\vendor\\laravel\\lumen-framework\\src\\Concerns\\RoutesRequests.php(167): Laravel\\Lumen\\Application->sendThroughPipeline(Array, Object(Closure))
#23 C:\\xampp\\htdocs\\APOLucas_Desenvolvimento\\vendor\\laravel\\lumen-framework\\src\\Concerns\\RoutesRequests.php(112): Laravel\\Lumen\\Application->dispatch(NULL)
#24 C:\\xampp\\htdocs\\APOLucas_Desenvolvimento\\public\\index.php(28): Laravel\\Lumen\\Application->run()
#25 {main}

[previous exception] [object] (PDOException(code: 42S02): SQLSTATE[42S02]: Base table or view not found: 1146 Table 'apolucasdesen.fornecedors' doesn't exist at C:\\xampp\\htdocs\\APOLucas_Desenvolvimento\\vendor\\illuminate\\database\\Connection.php:423)
[stacktrace]
#0 C:\\xampp\\htdocs\\APOLucas_Desenvolvimento\\vendor\\illuminate\\database\\Connection.php(423): PDO->prepare('select * from `...')
#1 C:\\xampp\\htdocs\\APOLucas_Desenvolvimento\\vendor\\illuminate\\database\\Connection.php(816): Illuminate\\Database\\Connection->Illuminate\\Database\\{closure}('select * from `...', Array)
#2 C:\\xampp\\htdocs\\APOLucas_Desenvolvimento\\vendor\\illuminate\\database\\Connection.php(783): Illuminate\\Database\\Connection->runQueryCallback('select * from `...', Array, Object(Closure))
#3 C:\\xampp\\htdocs\\APOLucas_Desenvolvimento\\vendor\\illuminate\\database\\Connection.php(414): Illuminate\\Database\\Connection->run('select * from `...', Array, Object(Closure))
#4 C:\\xampp\\htdocs\\APOLucas_Desenvolvimento\\vendor\\illuminate\\database\\Query\\Builder.php(2871): Illuminate\\Database\\Connection->select('select * from `...', Array, true)
#5 C:\\xampp\\htdocs\\APOLucas_Desenvolvimento\\vendor\\illuminate\\database\\Query\\Builder.php(2860): Illuminate\\Database\\Query\\Builder->runSelect()
#6 C:\\xampp\\htdocs\\APOLucas_Desenvolvimento\\vendor\\illuminate\\database\\Query\\Builder.php(3414): Illuminate\\Database\\Query\\Builder->Illuminate\\Database\\Query\\{closure}()
#7 C:\\xampp\\htdocs\\APOLucas_Desenvolvimento\\vendor\\illuminate\\database\\Query\\Builder.php(2859): Illuminate\\Database\\Query\\Builder->onceWithColumns(Array, Object(Closure))
#8 C:\\xampp\\htdocs\\APOLucas_Desenvolvimento\\vendor\\illuminate\\database\\Eloquent\\Builder.php(738): Illuminate\\Database\\Query\\Builder->get(Array)
#9 C:\\xampp\\htdocs\\APOLucas_Desenvolvimento\\vendor\\illuminate\\database\\Eloquent\\Builder.php(722): Illuminate\\Database\\Eloquent\\Builder->getModels(Array)
#10 C:\\xampp\\htdocs\\APOLucas_Desenvolvimento\\vendor\\illuminate\\database\\Eloquent\\Model.php(674): Illuminate\\Database\\Eloquent\\Builder->get(Array)
#11 C:\\xampp\\htdocs\\APOLucas_Desenvolvimento\\app\\Http\\Controllers\\FornecedorController.php(12): Illuminate\\Database\\Eloquent\\Model::all()
#12 C:\\xampp\\htdocs\\APOLucas_Desenvolvimento\\vendor\\illuminate\\container\\BoundMethod.php(36): App\\Http\\Controllers\\FornecedorController->index()
#13 C:\\xampp\\htdocs\\APOLucas_Desenvolvimento\\vendor\\illuminate\\container\\Util.php(41): Illuminate\\Container\\BoundMethod::Illuminate\\Container\\{closure}()
#14 C:\\xampp\\htdocs\\APOLucas_Desenvolvimento\\vendor\\illuminate\\container\\BoundMethod.php(93): Illuminate\\Container\\Util::unwrapIfClosure(Object(Closure))
#15 C:\\xampp\\htdocs\\APOLucas_Desenvolvimento\\vendor\\illuminate\\container\\BoundMethod.php(35): Illuminate\\Container\\BoundMethod::callBoundMethod(Object(Laravel\\Lumen\\Application), Array, Object(Closure))
#16 C:\\xampp\\htdocs\\APOLucas_Desenvolvimento\\vendor\\illuminate\\container\\Container.php(662): Illuminate\\Container\\BoundMethod::call(Object(Laravel\\Lumen\\Application), Array, Array, NULL)
#17 C:\\xampp\\htdocs\\APOLucas_Desenvolvimento\\vendor\\laravel\\lumen-framework\\src\\Concerns\\RoutesRequests.php(391): Illuminate\\Container\\Container->call(Array, Array)
#18 C:\\xampp\\htdocs\\APOLucas_Desenvolvimento\\vendor\\laravel\\lumen-framework\\src\\Concerns\\RoutesRequests.php(356): Laravel\\Lumen\\Application->callControllerCallable(Array, Array)
#19 C:\\xampp\\htdocs\\APOLucas_Desenvolvimento\\vendor\\laravel\\lumen-framework\\src\\Concerns\\RoutesRequests.php(331): Laravel\\Lumen\\Application->callLumenController(Object(App\\Http\\Controllers\\FornecedorController), 'index', Array)
#20 C:\\xampp\\htdocs\\APOLucas_Desenvolvimento\\vendor\\laravel\\lumen-framework\\src\\Concerns\\RoutesRequests.php(284): Laravel\\Lumen\\Application->callControllerAction(Array)
#21 C:\\xampp\\htdocs\\APOLucas_Desenvolvimento\\vendor\\laravel\\lumen-framework\\src\\Concerns\\RoutesRequests.php(269): Laravel\\Lumen\\Application->callActionOnArrayBasedRoute(Array)
#22 C:\\xampp\\htdocs\\APOLucas_Desenvolvimento\\vendor\\laravel\\lumen-framework\\src\\Concerns\\RoutesRequests.php(171): Laravel\\Lumen\\Application->handleFoundRoute(Array)
#23 C:\\xampp\\htdocs\\APOLucas_Desenvolvimento\\vendor\\laravel\\lumen-framework\\src\\Concerns\\RoutesRequests.php(431): Laravel\\Lumen\\Application->Laravel\\Lumen\\Concerns\\{closure}(Object(Laravel\\Lumen\\Http\\Request))
#24 C:\\xampp\\htdocs\\APOLucas_Desenvolvimento\\vendor\\laravel\\lumen-framework\\src\\Concerns\\RoutesRequests.php(167): Laravel\\Lumen\\Application->sendThroughPipeline(Array, Object(Closure))
#25 C:\\xampp\\htdocs\\APOLucas_Desenvolvimento\\vendor\\laravel\\lumen-framework\\src\\Concerns\\RoutesRequests.php(112): Laravel\\Lumen\\Application->dispatch(NULL)
#26 C:\\xampp\\htdocs\\APOLucas_Desenvolvimento\\public\\index.php(28): Laravel\\Lumen\\Application->run()
#27 {main}
"} 
[2024-03-25 23:10:33] local.ERROR: SQLSTATE[42S02]: Base table or view not found: 1146 Table 'apolucasdesen.fornecedors' doesn't exist (Connection: mysql, SQL: select * from `fornecedors`) {"exception":"[object] (Illuminate\\Database\\QueryException(code: 42S02): SQLSTATE[42S02]: Base table or view not found: 1146 Table 'apolucasdesen.fornecedors' doesn't exist (Connection: mysql, SQL: select * from `fornecedors`) at C:\\xampp\\htdocs\\APOLucas_Desenvolvimento\\vendor\\illuminate\\database\\Connection.php:829)
[stacktrace]
#0 C:\\xampp\\htdocs\\APOLucas_Desenvolvimento\\vendor\\illuminate\\database\\Connection.php(783): Illuminate\\Database\\Connection->runQueryCallback('select * from `...', Array, Object(Closure))
#1 C:\\xampp\\htdocs\\APOLucas_Desenvolvimento\\vendor\\illuminate\\database\\Connection.php(414): Illuminate\\Database\\Connection->run('select * from `...', Array, Object(Closure))
#2 C:\\xampp\\htdocs\\APOLucas_Desenvolvimento\\vendor\\illuminate\\database\\Query\\Builder.php(2871): Illuminate\\Database\\Connection->select('select * from `...', Array, true)
#3 C:\\xampp\\htdocs\\APOLucas_Desenvolvimento\\vendor\\illuminate\\database\\Query\\Builder.php(2860): Illuminate\\Database\\Query\\Builder->runSelect()
#4 C:\\xampp\\htdocs\\APOLucas_Desenvolvimento\\vendor\\illuminate\\database\\Query\\Builder.php(3414): Illuminate\\Database\\Query\\Builder->Illuminate\\Database\\Query\\{closure}()
#5 C:\\xampp\\htdocs\\APOLucas_Desenvolvimento\\vendor\\illuminate\\database\\Query\\Builder.php(2859): Illuminate\\Database\\Query\\Builder->onceWithColumns(Array, Object(Closure))
#6 C:\\xampp\\htdocs\\APOLucas_Desenvolvimento\\vendor\\illuminate\\database\\Eloquent\\Builder.php(738): Illuminate\\Database\\Query\\Builder->get(Array)
#7 C:\\xampp\\htdocs\\APOLucas_Desenvolvimento\\vendor\\illuminate\\database\\Eloquent\\Builder.php(722): Illuminate\\Database\\Eloquent\\Builder->getModels(Array)
#8 C:\\xampp\\htdocs\\APOLucas_Desenvolvimento\\vendor\\illuminate\\database\\Eloquent\\Model.php(674): Illuminate\\Database\\Eloquent\\Builder->get(Array)
#9 C:\\xampp\\htdocs\\APOLucas_Desenvolvimento\\app\\Http\\Controllers\\FornecedorController.php(12): Illuminate\\Database\\Eloquent\\Model::all()
#10 C:\\xampp\\htdocs\\APOLucas_Desenvolvimento\\vendor\\illuminate\\container\\BoundMethod.php(36): App\\Http\\Controllers\\FornecedorController->index()
#11 C:\\xampp\\htdocs\\APOLucas_Desenvolvimento\\vendor\\illuminate\\container\\Util.php(41): Illuminate\\Container\\BoundMethod::Illuminate\\Container\\{closure}()
#12 C:\\xampp\\htdocs\\APOLucas_Desenvolvimento\\vendor\\illuminate\\container\\BoundMethod.php(93): Illuminate\\Container\\Util::unwrapIfClosure(Object(Closure))
#13 C:\\xampp\\htdocs\\APOLucas_Desenvolvimento\\vendor\\illuminate\\container\\BoundMethod.php(35): Illuminate\\Container\\BoundMethod::callBoundMethod(Object(Laravel\\Lumen\\Application), Array, Object(Closure))
#14 C:\\xampp\\htdocs\\APOLucas_Desenvolvimento\\vendor\\illuminate\\container\\Container.php(662): Illuminate\\Container\\BoundMethod::call(Object(Laravel\\Lumen\\Application), Array, Array, NULL)
#15 C:\\xampp\\htdocs\\APOLucas_Desenvolvimento\\vendor\\laravel\\lumen-framework\\src\\Concerns\\RoutesRequests.php(391): Illuminate\\Container\\Container->call(Array, Array)
#16 C:\\xampp\\htdocs\\APOLucas_Desenvolvimento\\vendor\\laravel\\lumen-framework\\src\\Concerns\\RoutesRequests.php(356): Laravel\\Lumen\\Application->callControllerCallable(Array, Array)
#17 C:\\xampp\\htdocs\\APOLucas_Desenvolvimento\\vendor\\laravel\\lumen-framework\\src\\Concerns\\RoutesRequests.php(331): Laravel\\Lumen\\Application->callLumenController(Object(App\\Http\\Controllers\\FornecedorController), 'index', Array)
#18 C:\\xampp\\htdocs\\APOLucas_Desenvolvimento\\vendor\\laravel\\lumen-framework\\src\\Concerns\\RoutesRequests.php(284): Laravel\\Lumen\\Application->callControllerAction(Array)
#19 C:\\xampp\\htdocs\\APOLucas_Desenvolvimento\\vendor\\laravel\\lumen-framework\\src\\Concerns\\RoutesRequests.php(269): Laravel\\Lumen\\Application->callActionOnArrayBasedRoute(Array)
#20 C:\\xampp\\htdocs\\APOLucas_Desenvolvimento\\vendor\\laravel\\lumen-framework\\src\\Concerns\\RoutesRequests.php(171): Laravel\\Lumen\\Application->handleFoundRoute(Array)
#21 C:\\xampp\\htdocs\\APOLucas_Desenvolvimento\\vendor\\laravel\\lumen-framework\\src\\Concerns\\RoutesRequests.php(431): Laravel\\Lumen\\Application->Laravel\\Lumen\\Concerns\\{closure}(Object(Laravel\\Lumen\\Http\\Request))
#22 C:\\xampp\\htdocs\\APOLucas_Desenvolvimento\\vendor\\laravel\\lumen-framework\\src\\Concerns\\RoutesRequests.php(167): Laravel\\Lumen\\Application->sendThroughPipeline(Array, Object(Closure))
#23 C:\\xampp\\htdocs\\APOLucas_Desenvolvimento\\vendor\\laravel\\lumen-framework\\src\\Concerns\\RoutesRequests.php(112): Laravel\\Lumen\\Application->dispatch(NULL)
#24 C:\\xampp\\htdocs\\APOLucas_Desenvolvimento\\public\\index.php(28): Laravel\\Lumen\\Application->run()
#25 {main}

[previous exception] [object] (PDOException(code: 42S02): SQLSTATE[42S02]: Base table or view not found: 1146 Table 'apolucasdesen.fornecedors' doesn't exist at C:\\xampp\\htdocs\\APOLucas_Desenvolvimento\\vendor\\illuminate\\database\\Connection.php:423)
[stacktrace]
#0 C:\\xampp\\htdocs\\APOLucas_Desenvolvimento\\vendor\\illuminate\\database\\Connection.php(423): PDO->prepare('select * from `...')
#1 C:\\xampp\\htdocs\\APOLucas_Desenvolvimento\\vendor\\illuminate\\database\\Connection.php(816): Illuminate\\Database\\Connection->Illuminate\\Database\\{closure}('select * from `...', Array)
#2 C:\\xampp\\htdocs\\APOLucas_Desenvolvimento\\vendor\\illuminate\\database\\Connection.php(783): Illuminate\\Database\\Connection->runQueryCallback('select * from `...', Array, Object(Closure))
#3 C:\\xampp\\htdocs\\APOLucas_Desenvolvimento\\vendor\\illuminate\\database\\Connection.php(414): Illuminate\\Database\\Connection->run('select * from `...', Array, Object(Closure))
#4 C:\\xampp\\htdocs\\APOLucas_Desenvolvimento\\vendor\\illuminate\\database\\Query\\Builder.php(2871): Illuminate\\Database\\Connection->select('select * from `...', Array, true)
#5 C:\\xampp\\htdocs\\APOLucas_Desenvolvimento\\vendor\\illuminate\\database\\Query\\Builder.php(2860): Illuminate\\Database\\Query\\Builder->runSelect()
#6 C:\\xampp\\htdocs\\APOLucas_Desenvolvimento\\vendor\\illuminate\\database\\Query\\Builder.php(3414): Illuminate\\Database\\Query\\Builder->Illuminate\\Database\\Query\\{closure}()
#7 C:\\xampp\\htdocs\\APOLucas_Desenvolvimento\\vendor\\illuminate\\database\\Query\\Builder.php(2859): Illuminate\\Database\\Query\\Builder->onceWithColumns(Array, Object(Closure))
#8 C:\\xampp\\htdocs\\APOLucas_Desenvolvimento\\vendor\\illuminate\\database\\Eloquent\\Builder.php(738): Illuminate\\Database\\Query\\Builder->get(Array)
#9 C:\\xampp\\htdocs\\APOLucas_Desenvolvimento\\vendor\\illuminate\\database\\Eloquent\\Builder.php(722): Illuminate\\Database\\Eloquent\\Builder->getModels(Array)
#10 C:\\xampp\\htdocs\\APOLucas_Desenvolvimento\\vendor\\illuminate\\database\\Eloquent\\Model.php(674): Illuminate\\Database\\Eloquent\\Builder->get(Array)
#11 C:\\xampp\\htdocs\\APOLucas_Desenvolvimento\\app\\Http\\Controllers\\FornecedorController.php(12): Illuminate\\Database\\Eloquent\\Model::all()
#12 C:\\xampp\\htdocs\\APOLucas_Desenvolvimento\\vendor\\illuminate\\container\\BoundMethod.php(36): App\\Http\\Controllers\\FornecedorController->index()
#13 C:\\xampp\\htdocs\\APOLucas_Desenvolvimento\\vendor\\illuminate\\container\\Util.php(41): Illuminate\\Container\\BoundMethod::Illuminate\\Container\\{closure}()
#14 C:\\xampp\\htdocs\\APOLucas_Desenvolvimento\\vendor\\illuminate\\container\\BoundMethod.php(93): Illuminate\\Container\\Util::unwrapIfClosure(Object(Closure))
#15 C:\\xampp\\htdocs\\APOLucas_Desenvolvimento\\vendor\\illuminate\\container\\BoundMethod.php(35): Illuminate\\Container\\BoundMethod::callBoundMethod(Object(Laravel\\Lumen\\Application), Array, Object(Closure))
#16 C:\\xampp\\htdocs\\APOLucas_Desenvolvimento\\vendor\\illuminate\\container\\Container.php(662): Illuminate\\Container\\BoundMethod::call(Object(Laravel\\Lumen\\Application), Array, Array, NULL)
#17 C:\\xampp\\htdocs\\APOLucas_Desenvolvimento\\vendor\\laravel\\lumen-framework\\src\\Concerns\\RoutesRequests.php(391): Illuminate\\Container\\Container->call(Array, Array)
#18 C:\\xampp\\htdocs\\APOLucas_Desenvolvimento\\vendor\\laravel\\lumen-framework\\src\\Concerns\\RoutesRequests.php(356): Laravel\\Lumen\\Application->callControllerCallable(Array, Array)
#19 C:\\xampp\\htdocs\\APOLucas_Desenvolvimento\\vendor\\laravel\\lumen-framework\\src\\Concerns\\RoutesRequests.php(331): Laravel\\Lumen\\Application->callLumenController(Object(App\\Http\\Controllers\\FornecedorController), 'index', Array)
#20 C:\\xampp\\htdocs\\APOLucas_Desenvolvimento\\vendor\\laravel\\lumen-framework\\src\\Concerns\\RoutesRequests.php(284): Laravel\\Lumen\\Application->callControllerAction(Array)
#21 C:\\xampp\\htdocs\\APOLucas_Desenvolvimento\\vendor\\laravel\\lumen-framework\\src\\Concerns\\RoutesRequests.php(269): Laravel\\Lumen\\Application->callActionOnArrayBasedRoute(Array)
#22 C:\\xampp\\htdocs\\APOLucas_Desenvolvimento\\vendor\\laravel\\lumen-framework\\src\\Concerns\\RoutesRequests.php(171): Laravel\\Lumen\\Application->handleFoundRoute(Array)
#23 C:\\xampp\\htdocs\\APOLucas_Desenvolvimento\\vendor\\laravel\\lumen-framework\\src\\Concerns\\RoutesRequests.php(431): Laravel\\Lumen\\Application->Laravel\\Lumen\\Concerns\\{closure}(Object(Laravel\\Lumen\\Http\\Request))
#24 C:\\xampp\\htdocs\\APOLucas_Desenvolvimento\\vendor\\laravel\\lumen-framework\\src\\Concerns\\RoutesRequests.php(167): Laravel\\Lumen\\Application->sendThroughPipeline(Array, Object(Closure))
#25 C:\\xampp\\htdocs\\APOLucas_Desenvolvimento\\vendor\\laravel\\lumen-framework\\src\\Concerns\\RoutesRequests.php(112): Laravel\\Lumen\\Application->dispatch(NULL)
#26 C:\\xampp\\htdocs\\APOLucas_Desenvolvimento\\public\\index.php(28): Laravel\\Lumen\\Application->run()
#27 {main}
"} 
[2024-03-25 23:14:47] local.ERROR: SQLSTATE[42S02]: Base table or view not found: 1146 Table 'apolucasdesen.fornecedors' doesn't exist (Connection: mysql, SQL: select * from `fornecedors`) {"exception":"[object] (Illuminate\\Database\\QueryException(code: 42S02): SQLSTATE[42S02]: Base table or view not found: 1146 Table 'apolucasdesen.fornecedors' doesn't exist (Connection: mysql, SQL: select * from `fornecedors`) at C:\\xampp\\htdocs\\APOLucas_Desenvolvimento\\vendor\\illuminate\\database\\Connection.php:829)
[stacktrace]
#0 C:\\xampp\\htdocs\\APOLucas_Desenvolvimento\\vendor\\illuminate\\database\\Connection.php(783): Illuminate\\Database\\Connection->runQueryCallback('select * from `...', Array, Object(Closure))
#1 C:\\xampp\\htdocs\\APOLucas_Desenvolvimento\\vendor\\illuminate\\database\\Connection.php(414): Illuminate\\Database\\Connection->run('select * from `...', Array, Object(Closure))
#2 C:\\xampp\\htdocs\\APOLucas_Desenvolvimento\\vendor\\illuminate\\database\\Query\\Builder.php(2871): Illuminate\\Database\\Connection->select('select * from `...', Array, true)
#3 C:\\xampp\\htdocs\\APOLucas_Desenvolvimento\\vendor\\illuminate\\database\\Query\\Builder.php(2860): Illuminate\\Database\\Query\\Builder->runSelect()
#4 C:\\xampp\\htdocs\\APOLucas_Desenvolvimento\\vendor\\illuminate\\database\\Query\\Builder.php(3414): Illuminate\\Database\\Query\\Builder->Illuminate\\Database\\Query\\{closure}()
#5 C:\\xampp\\htdocs\\APOLucas_Desenvolvimento\\vendor\\illuminate\\database\\Query\\Builder.php(2859): Illuminate\\Database\\Query\\Builder->onceWithColumns(Array, Object(Closure))
#6 C:\\xampp\\htdocs\\APOLucas_Desenvolvimento\\vendor\\illuminate\\database\\Eloquent\\Builder.php(738): Illuminate\\Database\\Query\\Builder->get(Array)
#7 C:\\xampp\\htdocs\\APOLucas_Desenvolvimento\\vendor\\illuminate\\database\\Eloquent\\Builder.php(722): Illuminate\\Database\\Eloquent\\Builder->getModels(Array)
#8 C:\\xampp\\htdocs\\APOLucas_Desenvolvimento\\vendor\\illuminate\\database\\Eloquent\\Model.php(674): Illuminate\\Database\\Eloquent\\Builder->get(Array)
#9 C:\\xampp\\htdocs\\APOLucas_Desenvolvimento\\app\\Http\\Controllers\\FornecedorController.php(12): Illuminate\\Database\\Eloquent\\Model::all()
#10 C:\\xampp\\htdocs\\APOLucas_Desenvolvimento\\vendor\\illuminate\\container\\BoundMethod.php(36): App\\Http\\Controllers\\FornecedorController->index()
#11 C:\\xampp\\htdocs\\APOLucas_Desenvolvimento\\vendor\\illuminate\\container\\Util.php(41): Illuminate\\Container\\BoundMethod::Illuminate\\Container\\{closure}()
#12 C:\\xampp\\htdocs\\APOLucas_Desenvolvimento\\vendor\\illuminate\\container\\BoundMethod.php(93): Illuminate\\Container\\Util::unwrapIfClosure(Object(Closure))
#13 C:\\xampp\\htdocs\\APOLucas_Desenvolvimento\\vendor\\illuminate\\container\\BoundMethod.php(35): Illuminate\\Container\\BoundMethod::callBoundMethod(Object(Laravel\\Lumen\\Application), Array, Object(Closure))
#14 C:\\xampp\\htdocs\\APOLucas_Desenvolvimento\\vendor\\illuminate\\container\\Container.php(662): Illuminate\\Container\\BoundMethod::call(Object(Laravel\\Lumen\\Application), Array, Array, NULL)
#15 C:\\xampp\\htdocs\\APOLucas_Desenvolvimento\\vendor\\laravel\\lumen-framework\\src\\Concerns\\RoutesRequests.php(391): Illuminate\\Container\\Container->call(Array, Array)
#16 C:\\xampp\\htdocs\\APOLucas_Desenvolvimento\\vendor\\laravel\\lumen-framework\\src\\Concerns\\RoutesRequests.php(356): Laravel\\Lumen\\Application->callControllerCallable(Array, Array)
#17 C:\\xampp\\htdocs\\APOLucas_Desenvolvimento\\vendor\\laravel\\lumen-framework\\src\\Concerns\\RoutesRequests.php(331): Laravel\\Lumen\\Application->callLumenController(Object(App\\Http\\Controllers\\FornecedorController), 'index', Array)
#18 C:\\xampp\\htdocs\\APOLucas_Desenvolvimento\\vendor\\laravel\\lumen-framework\\src\\Concerns\\RoutesRequests.php(284): Laravel\\Lumen\\Application->callControllerAction(Array)
#19 C:\\xampp\\htdocs\\APOLucas_Desenvolvimento\\vendor\\laravel\\lumen-framework\\src\\Concerns\\RoutesRequests.php(269): Laravel\\Lumen\\Application->callActionOnArrayBasedRoute(Array)
#20 C:\\xampp\\htdocs\\APOLucas_Desenvolvimento\\vendor\\laravel\\lumen-framework\\src\\Concerns\\RoutesRequests.php(171): Laravel\\Lumen\\Application->handleFoundRoute(Array)
#21 C:\\xampp\\htdocs\\APOLucas_Desenvolvimento\\vendor\\laravel\\lumen-framework\\src\\Concerns\\RoutesRequests.php(431): Laravel\\Lumen\\Application->Laravel\\Lumen\\Concerns\\{closure}(Object(Laravel\\Lumen\\Http\\Request))
#22 C:\\xampp\\htdocs\\APOLucas_Desenvolvimento\\vendor\\laravel\\lumen-framework\\src\\Concerns\\RoutesRequests.php(167): Laravel\\Lumen\\Application->sendThroughPipeline(Array, Object(Closure))
#23 C:\\xampp\\htdocs\\APOLucas_Desenvolvimento\\vendor\\laravel\\lumen-framework\\src\\Concerns\\RoutesRequests.php(112): Laravel\\Lumen\\Application->dispatch(NULL)
#24 C:\\xampp\\htdocs\\APOLucas_Desenvolvimento\\public\\index.php(28): Laravel\\Lumen\\Application->run()
#25 {main}

[previous exception] [object] (PDOException(code: 42S02): SQLSTATE[42S02]: Base table or view not found: 1146 Table 'apolucasdesen.fornecedors' doesn't exist at C:\\xampp\\htdocs\\APOLucas_Desenvolvimento\\vendor\\illuminate\\database\\Connection.php:423)
[stacktrace]
#0 C:\\xampp\\htdocs\\APOLucas_Desenvolvimento\\vendor\\illuminate\\database\\Connection.php(423): PDO->prepare('select * from `...')
#1 C:\\xampp\\htdocs\\APOLucas_Desenvolvimento\\vendor\\illuminate\\database\\Connection.php(816): Illuminate\\Database\\Connection->Illuminate\\Database\\{closure}('select * from `...', Array)
#2 C:\\xampp\\htdocs\\APOLucas_Desenvolvimento\\vendor\\illuminate\\database\\Connection.php(783): Illuminate\\Database\\Connection->runQueryCallback('select * from `...', Array, Object(Closure))
#3 C:\\xampp\\htdocs\\APOLucas_Desenvolvimento\\vendor\\illuminate\\database\\Connection.php(414): Illuminate\\Database\\Connection->run('select * from `...', Array, Object(Closure))
#4 C:\\xampp\\htdocs\\APOLucas_Desenvolvimento\\vendor\\illuminate\\database\\Query\\Builder.php(2871): Illuminate\\Database\\Connection->select('select * from `...', Array, true)
#5 C:\\xampp\\htdocs\\APOLucas_Desenvolvimento\\vendor\\illuminate\\database\\Query\\Builder.php(2860): Illuminate\\Database\\Query\\Builder->runSelect()
#6 C:\\xampp\\htdocs\\APOLucas_Desenvolvimento\\vendor\\illuminate\\database\\Query\\Builder.php(3414): Illuminate\\Database\\Query\\Builder->Illuminate\\Database\\Query\\{closure}()
#7 C:\\xampp\\htdocs\\APOLucas_Desenvolvimento\\vendor\\illuminate\\database\\Query\\Builder.php(2859): Illuminate\\Database\\Query\\Builder->onceWithColumns(Array, Object(Closure))
#8 C:\\xampp\\htdocs\\APOLucas_Desenvolvimento\\vendor\\illuminate\\database\\Eloquent\\Builder.php(738): Illuminate\\Database\\Query\\Builder->get(Array)
#9 C:\\xampp\\htdocs\\APOLucas_Desenvolvimento\\vendor\\illuminate\\database\\Eloquent\\Builder.php(722): Illuminate\\Database\\Eloquent\\Builder->getModels(Array)
#10 C:\\xampp\\htdocs\\APOLucas_Desenvolvimento\\vendor\\illuminate\\database\\Eloquent\\Model.php(674): Illuminate\\Database\\Eloquent\\Builder->get(Array)
#11 C:\\xampp\\htdocs\\APOLucas_Desenvolvimento\\app\\Http\\Controllers\\FornecedorController.php(12): Illuminate\\Database\\Eloquent\\Model::all()
#12 C:\\xampp\\htdocs\\APOLucas_Desenvolvimento\\vendor\\illuminate\\container\\BoundMethod.php(36): App\\Http\\Controllers\\FornecedorController->index()
#13 C:\\xampp\\htdocs\\APOLucas_Desenvolvimento\\vendor\\illuminate\\container\\Util.php(41): Illuminate\\Container\\BoundMethod::Illuminate\\Container\\{closure}()
#14 C:\\xampp\\htdocs\\APOLucas_Desenvolvimento\\vendor\\illuminate\\container\\BoundMethod.php(93): Illuminate\\Container\\Util::unwrapIfClosure(Object(Closure))
#15 C:\\xampp\\htdocs\\APOLucas_Desenvolvimento\\vendor\\illuminate\\container\\BoundMethod.php(35): Illuminate\\Container\\BoundMethod::callBoundMethod(Object(Laravel\\Lumen\\Application), Array, Object(Closure))
#16 C:\\xampp\\htdocs\\APOLucas_Desenvolvimento\\vendor\\illuminate\\container\\Container.php(662): Illuminate\\Container\\BoundMethod::call(Object(Laravel\\Lumen\\Application), Array, Array, NULL)
#17 C:\\xampp\\htdocs\\APOLucas_Desenvolvimento\\vendor\\laravel\\lumen-framework\\src\\Concerns\\RoutesRequests.php(391): Illuminate\\Container\\Container->call(Array, Array)
#18 C:\\xampp\\htdocs\\APOLucas_Desenvolvimento\\vendor\\laravel\\lumen-framework\\src\\Concerns\\RoutesRequests.php(356): Laravel\\Lumen\\Application->callControllerCallable(Array, Array)
#19 C:\\xampp\\htdocs\\APOLucas_Desenvolvimento\\vendor\\laravel\\lumen-framework\\src\\Concerns\\RoutesRequests.php(331): Laravel\\Lumen\\Application->callLumenController(Object(App\\Http\\Controllers\\FornecedorController), 'index', Array)
#20 C:\\xampp\\htdocs\\APOLucas_Desenvolvimento\\vendor\\laravel\\lumen-framework\\src\\Concerns\\RoutesRequests.php(284): Laravel\\Lumen\\Application->callControllerAction(Array)
#21 C:\\xampp\\htdocs\\APOLucas_Desenvolvimento\\vendor\\laravel\\lumen-framework\\src\\Concerns\\RoutesRequests.php(269): Laravel\\Lumen\\Application->callActionOnArrayBasedRoute(Array)
#22 C:\\xampp\\htdocs\\APOLucas_Desenvolvimento\\vendor\\laravel\\lumen-framework\\src\\Concerns\\RoutesRequests.php(171): Laravel\\Lumen\\Application->handleFoundRoute(Array)
#23 C:\\xampp\\htdocs\\APOLucas_Desenvolvimento\\vendor\\laravel\\lumen-framework\\src\\Concerns\\RoutesRequests.php(431): Laravel\\Lumen\\Application->Laravel\\Lumen\\Concerns\\{closure}(Object(Laravel\\Lumen\\Http\\Request))
#24 C:\\xampp\\htdocs\\APOLucas_Desenvolvimento\\vendor\\laravel\\lumen-framework\\src\\Concerns\\RoutesRequests.php(167): Laravel\\Lumen\\Application->sendThroughPipeline(Array, Object(Closure))
#25 C:\\xampp\\htdocs\\APOLucas_Desenvolvimento\\vendor\\laravel\\lumen-framework\\src\\Concerns\\RoutesRequests.php(112): Laravel\\Lumen\\Application->dispatch(NULL)
#26 C:\\xampp\\htdocs\\APOLucas_Desenvolvimento\\public\\index.php(28): Laravel\\Lumen\\Application->run()
#27 {main}
"} 
[2024-03-25 23:14:47] local.ERROR: SQLSTATE[42S02]: Base table or view not found: 1146 Table 'apolucasdesen.fornecedors' doesn't exist (Connection: mysql, SQL: select * from `fornecedors`) {"exception":"[object] (Illuminate\\Database\\QueryException(code: 42S02): SQLSTATE[42S02]: Base table or view not found: 1146 Table 'apolucasdesen.fornecedors' doesn't exist (Connection: mysql, SQL: select * from `fornecedors`) at C:\\xampp\\htdocs\\APOLucas_Desenvolvimento\\vendor\\illuminate\\database\\Connection.php:829)
[stacktrace]
#0 C:\\xampp\\htdocs\\APOLucas_Desenvolvimento\\vendor\\illuminate\\database\\Connection.php(783): Illuminate\\Database\\Connection->runQueryCallback('select * from `...', Array, Object(Closure))
#1 C:\\xampp\\htdocs\\APOLucas_Desenvolvimento\\vendor\\illuminate\\database\\Connection.php(414): Illuminate\\Database\\Connection->run('select * from `...', Array, Object(Closure))
#2 C:\\xampp\\htdocs\\APOLucas_Desenvolvimento\\vendor\\illuminate\\database\\Query\\Builder.php(2871): Illuminate\\Database\\Connection->select('select * from `...', Array, true)
#3 C:\\xampp\\htdocs\\APOLucas_Desenvolvimento\\vendor\\illuminate\\database\\Query\\Builder.php(2860): Illuminate\\Database\\Query\\Builder->runSelect()
#4 C:\\xampp\\htdocs\\APOLucas_Desenvolvimento\\vendor\\illuminate\\database\\Query\\Builder.php(3414): Illuminate\\Database\\Query\\Builder->Illuminate\\Database\\Query\\{closure}()
#5 C:\\xampp\\htdocs\\APOLucas_Desenvolvimento\\vendor\\illuminate\\database\\Query\\Builder.php(2859): Illuminate\\Database\\Query\\Builder->onceWithColumns(Array, Object(Closure))
#6 C:\\xampp\\htdocs\\APOLucas_Desenvolvimento\\vendor\\illuminate\\database\\Eloquent\\Builder.php(738): Illuminate\\Database\\Query\\Builder->get(Array)
#7 C:\\xampp\\htdocs\\APOLucas_Desenvolvimento\\vendor\\illuminate\\database\\Eloquent\\Builder.php(722): Illuminate\\Database\\Eloquent\\Builder->getModels(Array)
#8 C:\\xampp\\htdocs\\APOLucas_Desenvolvimento\\vendor\\illuminate\\database\\Eloquent\\Model.php(674): Illuminate\\Database\\Eloquent\\Builder->get(Array)
#9 C:\\xampp\\htdocs\\APOLucas_Desenvolvimento\\app\\Http\\Controllers\\FornecedorController.php(12): Illuminate\\Database\\Eloquent\\Model::all()
#10 C:\\xampp\\htdocs\\APOLucas_Desenvolvimento\\vendor\\illuminate\\container\\BoundMethod.php(36): App\\Http\\Controllers\\FornecedorController->index()
#11 C:\\xampp\\htdocs\\APOLucas_Desenvolvimento\\vendor\\illuminate\\container\\Util.php(41): Illuminate\\Container\\BoundMethod::Illuminate\\Container\\{closure}()
#12 C:\\xampp\\htdocs\\APOLucas_Desenvolvimento\\vendor\\illuminate\\container\\BoundMethod.php(93): Illuminate\\Container\\Util::unwrapIfClosure(Object(Closure))
#13 C:\\xampp\\htdocs\\APOLucas_Desenvolvimento\\vendor\\illuminate\\container\\BoundMethod.php(35): Illuminate\\Container\\BoundMethod::callBoundMethod(Object(Laravel\\Lumen\\Application), Array, Object(Closure))
#14 C:\\xampp\\htdocs\\APOLucas_Desenvolvimento\\vendor\\illuminate\\container\\Container.php(662): Illuminate\\Container\\BoundMethod::call(Object(Laravel\\Lumen\\Application), Array, Array, NULL)
#15 C:\\xampp\\htdocs\\APOLucas_Desenvolvimento\\vendor\\laravel\\lumen-framework\\src\\Concerns\\RoutesRequests.php(391): Illuminate\\Container\\Container->call(Array, Array)
#16 C:\\xampp\\htdocs\\APOLucas_Desenvolvimento\\vendor\\laravel\\lumen-framework\\src\\Concerns\\RoutesRequests.php(356): Laravel\\Lumen\\Application->callControllerCallable(Array, Array)
#17 C:\\xampp\\htdocs\\APOLucas_Desenvolvimento\\vendor\\laravel\\lumen-framework\\src\\Concerns\\RoutesRequests.php(331): Laravel\\Lumen\\Application->callLumenController(Object(App\\Http\\Controllers\\FornecedorController), 'index', Array)
#18 C:\\xampp\\htdocs\\APOLucas_Desenvolvimento\\vendor\\laravel\\lumen-framework\\src\\Concerns\\RoutesRequests.php(284): Laravel\\Lumen\\Application->callControllerAction(Array)
#19 C:\\xampp\\htdocs\\APOLucas_Desenvolvimento\\vendor\\laravel\\lumen-framework\\src\\Concerns\\RoutesRequests.php(269): Laravel\\Lumen\\Application->callActionOnArrayBasedRoute(Array)
#20 C:\\xampp\\htdocs\\APOLucas_Desenvolvimento\\vendor\\laravel\\lumen-framework\\src\\Concerns\\RoutesRequests.php(171): Laravel\\Lumen\\Application->handleFoundRoute(Array)
#21 C:\\xampp\\htdocs\\APOLucas_Desenvolvimento\\vendor\\laravel\\lumen-framework\\src\\Concerns\\RoutesRequests.php(431): Laravel\\Lumen\\Application->Laravel\\Lumen\\Concerns\\{closure}(Object(Laravel\\Lumen\\Http\\Request))
#22 C:\\xampp\\htdocs\\APOLucas_Desenvolvimento\\vendor\\laravel\\lumen-framework\\src\\Concerns\\RoutesRequests.php(167): Laravel\\Lumen\\Application->sendThroughPipeline(Array, Object(Closure))
#23 C:\\xampp\\htdocs\\APOLucas_Desenvolvimento\\vendor\\laravel\\lumen-framework\\src\\Concerns\\RoutesRequests.php(112): Laravel\\Lumen\\Application->dispatch(NULL)
#24 C:\\xampp\\htdocs\\APOLucas_Desenvolvimento\\public\\index.php(28): Laravel\\Lumen\\Application->run()
#25 {main}

[previous exception] [object] (PDOException(code: 42S02): SQLSTATE[42S02]: Base table or view not found: 1146 Table 'apolucasdesen.fornecedors' doesn't exist at C:\\xampp\\htdocs\\APOLucas_Desenvolvimento\\vendor\\illuminate\\database\\Connection.php:423)
[stacktrace]
#0 C:\\xampp\\htdocs\\APOLucas_Desenvolvimento\\vendor\\illuminate\\database\\Connection.php(423): PDO->prepare('select * from `...')
#1 C:\\xampp\\htdocs\\APOLucas_Desenvolvimento\\vendor\\illuminate\\database\\Connection.php(816): Illuminate\\Database\\Connection->Illuminate\\Database\\{closure}('select * from `...', Array)
#2 C:\\xampp\\htdocs\\APOLucas_Desenvolvimento\\vendor\\illuminate\\database\\Connection.php(783): Illuminate\\Database\\Connection->runQueryCallback('select * from `...', Array, Object(Closure))
#3 C:\\xampp\\htdocs\\APOLucas_Desenvolvimento\\vendor\\illuminate\\database\\Connection.php(414): Illuminate\\Database\\Connection->run('select * from `...', Array, Object(Closure))
#4 C:\\xampp\\htdocs\\APOLucas_Desenvolvimento\\vendor\\illuminate\\database\\Query\\Builder.php(2871): Illuminate\\Database\\Connection->select('select * from `...', Array, true)
#5 C:\\xampp\\htdocs\\APOLucas_Desenvolvimento\\vendor\\illuminate\\database\\Query\\Builder.php(2860): Illuminate\\Database\\Query\\Builder->runSelect()
#6 C:\\xampp\\htdocs\\APOLucas_Desenvolvimento\\vendor\\illuminate\\database\\Query\\Builder.php(3414): Illuminate\\Database\\Query\\Builder->Illuminate\\Database\\Query\\{closure}()
#7 C:\\xampp\\htdocs\\APOLucas_Desenvolvimento\\vendor\\illuminate\\database\\Query\\Builder.php(2859): Illuminate\\Database\\Query\\Builder->onceWithColumns(Array, Object(Closure))
#8 C:\\xampp\\htdocs\\APOLucas_Desenvolvimento\\vendor\\illuminate\\database\\Eloquent\\Builder.php(738): Illuminate\\Database\\Query\\Builder->get(Array)
#9 C:\\xampp\\htdocs\\APOLucas_Desenvolvimento\\vendor\\illuminate\\database\\Eloquent\\Builder.php(722): Illuminate\\Database\\Eloquent\\Builder->getModels(Array)
#10 C:\\xampp\\htdocs\\APOLucas_Desenvolvimento\\vendor\\illuminate\\database\\Eloquent\\Model.php(674): Illuminate\\Database\\Eloquent\\Builder->get(Array)
#11 C:\\xampp\\htdocs\\APOLucas_Desenvolvimento\\app\\Http\\Controllers\\FornecedorController.php(12): Illuminate\\Database\\Eloquent\\Model::all()
#12 C:\\xampp\\htdocs\\APOLucas_Desenvolvimento\\vendor\\illuminate\\container\\BoundMethod.php(36): App\\Http\\Controllers\\FornecedorController->index()
#13 C:\\xampp\\htdocs\\APOLucas_Desenvolvimento\\vendor\\illuminate\\container\\Util.php(41): Illuminate\\Container\\BoundMethod::Illuminate\\Container\\{closure}()
#14 C:\\xampp\\htdocs\\APOLucas_Desenvolvimento\\vendor\\illuminate\\container\\BoundMethod.php(93): Illuminate\\Container\\Util::unwrapIfClosure(Object(Closure))
#15 C:\\xampp\\htdocs\\APOLucas_Desenvolvimento\\vendor\\illuminate\\container\\BoundMethod.php(35): Illuminate\\Container\\BoundMethod::callBoundMethod(Object(Laravel\\Lumen\\Application), Array, Object(Closure))
#16 C:\\xampp\\htdocs\\APOLucas_Desenvolvimento\\vendor\\illuminate\\container\\Container.php(662): Illuminate\\Container\\BoundMethod::call(Object(Laravel\\Lumen\\Application), Array, Array, NULL)
#17 C:\\xampp\\htdocs\\APOLucas_Desenvolvimento\\vendor\\laravel\\lumen-framework\\src\\Concerns\\RoutesRequests.php(391): Illuminate\\Container\\Container->call(Array, Array)
#18 C:\\xampp\\htdocs\\APOLucas_Desenvolvimento\\vendor\\laravel\\lumen-framework\\src\\Concerns\\RoutesRequests.php(356): Laravel\\Lumen\\Application->callControllerCallable(Array, Array)
#19 C:\\xampp\\htdocs\\APOLucas_Desenvolvimento\\vendor\\laravel\\lumen-framework\\src\\Concerns\\RoutesRequests.php(331): Laravel\\Lumen\\Application->callLumenController(Object(App\\Http\\Controllers\\FornecedorController), 'index', Array)
#20 C:\\xampp\\htdocs\\APOLucas_Desenvolvimento\\vendor\\laravel\\lumen-framework\\src\\Concerns\\RoutesRequests.php(284): Laravel\\Lumen\\Application->callControllerAction(Array)
#21 C:\\xampp\\htdocs\\APOLucas_Desenvolvimento\\vendor\\laravel\\lumen-framework\\src\\Concerns\\RoutesRequests.php(269): Laravel\\Lumen\\Application->callActionOnArrayBasedRoute(Array)
#22 C:\\xampp\\htdocs\\APOLucas_Desenvolvimento\\vendor\\laravel\\lumen-framework\\src\\Concerns\\RoutesRequests.php(171): Laravel\\Lumen\\Application->handleFoundRoute(Array)
#23 C:\\xampp\\htdocs\\APOLucas_Desenvolvimento\\vendor\\laravel\\lumen-framework\\src\\Concerns\\RoutesRequests.php(431): Laravel\\Lumen\\Application->Laravel\\Lumen\\Concerns\\{closure}(Object(Laravel\\Lumen\\Http\\Request))
#24 C:\\xampp\\htdocs\\APOLucas_Desenvolvimento\\vendor\\laravel\\lumen-framework\\src\\Concerns\\RoutesRequests.php(167): Laravel\\Lumen\\Application->sendThroughPipeline(Array, Object(Closure))
#25 C:\\xampp\\htdocs\\APOLucas_Desenvolvimento\\vendor\\laravel\\lumen-framework\\src\\Concerns\\RoutesRequests.php(112): Laravel\\Lumen\\Application->dispatch(NULL)
#26 C:\\xampp\\htdocs\\APOLucas_Desenvolvimento\\public\\index.php(28): Laravel\\Lumen\\Application->run()
#27 {main}
"} 
[2024-03-25 23:51:58] local.ERROR: SQLSTATE[42S02]: Base table or view not found: 1146 Table 'apolucasdesen.produto_fornecedors' doesn't exist (Connection: mysql, SQL: select * from `produto_fornecedors`) {"exception":"[object] (Illuminate\\Database\\QueryException(code: 42S02): SQLSTATE[42S02]: Base table or view not found: 1146 Table 'apolucasdesen.produto_fornecedors' doesn't exist (Connection: mysql, SQL: select * from `produto_fornecedors`) at C:\\xampp\\htdocs\\APOLucas_Desenvolvimento\\vendor\\illuminate\\database\\Connection.php:829)
[stacktrace]
#0 C:\\xampp\\htdocs\\APOLucas_Desenvolvimento\\vendor\\illuminate\\database\\Connection.php(783): Illuminate\\Database\\Connection->runQueryCallback('select * from `...', Array, Object(Closure))
#1 C:\\xampp\\htdocs\\APOLucas_Desenvolvimento\\vendor\\illuminate\\database\\Connection.php(414): Illuminate\\Database\\Connection->run('select * from `...', Array, Object(Closure))
#2 C:\\xampp\\htdocs\\APOLucas_Desenvolvimento\\vendor\\illuminate\\database\\Query\\Builder.php(2871): Illuminate\\Database\\Connection->select('select * from `...', Array, true)
#3 C:\\xampp\\htdocs\\APOLucas_Desenvolvimento\\vendor\\illuminate\\database\\Query\\Builder.php(2860): Illuminate\\Database\\Query\\Builder->runSelect()
#4 C:\\xampp\\htdocs\\APOLucas_Desenvolvimento\\vendor\\illuminate\\database\\Query\\Builder.php(3414): Illuminate\\Database\\Query\\Builder->Illuminate\\Database\\Query\\{closure}()
#5 C:\\xampp\\htdocs\\APOLucas_Desenvolvimento\\vendor\\illuminate\\database\\Query\\Builder.php(2859): Illuminate\\Database\\Query\\Builder->onceWithColumns(Array, Object(Closure))
#6 C:\\xampp\\htdocs\\APOLucas_Desenvolvimento\\vendor\\illuminate\\database\\Eloquent\\Builder.php(738): Illuminate\\Database\\Query\\Builder->get(Array)
#7 C:\\xampp\\htdocs\\APOLucas_Desenvolvimento\\vendor\\illuminate\\database\\Eloquent\\Builder.php(722): Illuminate\\Database\\Eloquent\\Builder->getModels(Array)
#8 C:\\xampp\\htdocs\\APOLucas_Desenvolvimento\\vendor\\illuminate\\database\\Eloquent\\Model.php(674): Illuminate\\Database\\Eloquent\\Builder->get(Array)
#9 C:\\xampp\\htdocs\\APOLucas_Desenvolvimento\\app\\Http\\Controllers\\ProdutoFornecedorController.php(12): Illuminate\\Database\\Eloquent\\Model::all()
#10 C:\\xampp\\htdocs\\APOLucas_Desenvolvimento\\vendor\\illuminate\\container\\BoundMethod.php(36): App\\Http\\Controllers\\ProdutoFornecedorController->index()
#11 C:\\xampp\\htdocs\\APOLucas_Desenvolvimento\\vendor\\illuminate\\container\\Util.php(41): Illuminate\\Container\\BoundMethod::Illuminate\\Container\\{closure}()
#12 C:\\xampp\\htdocs\\APOLucas_Desenvolvimento\\vendor\\illuminate\\container\\BoundMethod.php(93): Illuminate\\Container\\Util::unwrapIfClosure(Object(Closure))
#13 C:\\xampp\\htdocs\\APOLucas_Desenvolvimento\\vendor\\illuminate\\container\\BoundMethod.php(35): Illuminate\\Container\\BoundMethod::callBoundMethod(Object(Laravel\\Lumen\\Application), Array, Object(Closure))
#14 C:\\xampp\\htdocs\\APOLucas_Desenvolvimento\\vendor\\illuminate\\container\\Container.php(662): Illuminate\\Container\\BoundMethod::call(Object(Laravel\\Lumen\\Application), Array, Array, NULL)
#15 C:\\xampp\\htdocs\\APOLucas_Desenvolvimento\\vendor\\laravel\\lumen-framework\\src\\Concerns\\RoutesRequests.php(391): Illuminate\\Container\\Container->call(Array, Array)
#16 C:\\xampp\\htdocs\\APOLucas_Desenvolvimento\\vendor\\laravel\\lumen-framework\\src\\Concerns\\RoutesRequests.php(356): Laravel\\Lumen\\Application->callControllerCallable(Array, Array)
#17 C:\\xampp\\htdocs\\APOLucas_Desenvolvimento\\vendor\\laravel\\lumen-framework\\src\\Concerns\\RoutesRequests.php(331): Laravel\\Lumen\\Application->callLumenController(Object(App\\Http\\Controllers\\ProdutoFornecedorController), 'index', Array)
#18 C:\\xampp\\htdocs\\APOLucas_Desenvolvimento\\vendor\\laravel\\lumen-framework\\src\\Concerns\\RoutesRequests.php(284): Laravel\\Lumen\\Application->callControllerAction(Array)
#19 C:\\xampp\\htdocs\\APOLucas_Desenvolvimento\\vendor\\laravel\\lumen-framework\\src\\Concerns\\RoutesRequests.php(269): Laravel\\Lumen\\Application->callActionOnArrayBasedRoute(Array)
#20 C:\\xampp\\htdocs\\APOLucas_Desenvolvimento\\vendor\\laravel\\lumen-framework\\src\\Concerns\\RoutesRequests.php(171): Laravel\\Lumen\\Application->handleFoundRoute(Array)
#21 C:\\xampp\\htdocs\\APOLucas_Desenvolvimento\\vendor\\laravel\\lumen-framework\\src\\Concerns\\RoutesRequests.php(431): Laravel\\Lumen\\Application->Laravel\\Lumen\\Concerns\\{closure}(Object(Laravel\\Lumen\\Http\\Request))
#22 C:\\xampp\\htdocs\\APOLucas_Desenvolvimento\\vendor\\laravel\\lumen-framework\\src\\Concerns\\RoutesRequests.php(167): Laravel\\Lumen\\Application->sendThroughPipeline(Array, Object(Closure))
#23 C:\\xampp\\htdocs\\APOLucas_Desenvolvimento\\vendor\\laravel\\lumen-framework\\src\\Concerns\\RoutesRequests.php(112): Laravel\\Lumen\\Application->dispatch(NULL)
#24 C:\\xampp\\htdocs\\APOLucas_Desenvolvimento\\public\\index.php(28): Laravel\\Lumen\\Application->run()
#25 {main}

[previous exception] [object] (PDOException(code: 42S02): SQLSTATE[42S02]: Base table or view not found: 1146 Table 'apolucasdesen.produto_fornecedors' doesn't exist at C:\\xampp\\htdocs\\APOLucas_Desenvolvimento\\vendor\\illuminate\\database\\Connection.php:423)
[stacktrace]
#0 C:\\xampp\\htdocs\\APOLucas_Desenvolvimento\\vendor\\illuminate\\database\\Connection.php(423): PDO->prepare('select * from `...')
#1 C:\\xampp\\htdocs\\APOLucas_Desenvolvimento\\vendor\\illuminate\\database\\Connection.php(816): Illuminate\\Database\\Connection->Illuminate\\Database\\{closure}('select * from `...', Array)
#2 C:\\xampp\\htdocs\\APOLucas_Desenvolvimento\\vendor\\illuminate\\database\\Connection.php(783): Illuminate\\Database\\Connection->runQueryCallback('select * from `...', Array, Object(Closure))
#3 C:\\xampp\\htdocs\\APOLucas_Desenvolvimento\\vendor\\illuminate\\database\\Connection.php(414): Illuminate\\Database\\Connection->run('select * from `...', Array, Object(Closure))
#4 C:\\xampp\\htdocs\\APOLucas_Desenvolvimento\\vendor\\illuminate\\database\\Query\\Builder.php(2871): Illuminate\\Database\\Connection->select('select * from `...', Array, true)
#5 C:\\xampp\\htdocs\\APOLucas_Desenvolvimento\\vendor\\illuminate\\database\\Query\\Builder.php(2860): Illuminate\\Database\\Query\\Builder->runSelect()
#6 C:\\xampp\\htdocs\\APOLucas_Desenvolvimento\\vendor\\illuminate\\database\\Query\\Builder.php(3414): Illuminate\\Database\\Query\\Builder->Illuminate\\Database\\Query\\{closure}()
#7 C:\\xampp\\htdocs\\APOLucas_Desenvolvimento\\vendor\\illuminate\\database\\Query\\Builder.php(2859): Illuminate\\Database\\Query\\Builder->onceWithColumns(Array, Object(Closure))
#8 C:\\xampp\\htdocs\\APOLucas_Desenvolvimento\\vendor\\illuminate\\database\\Eloquent\\Builder.php(738): Illuminate\\Database\\Query\\Builder->get(Array)
#9 C:\\xampp\\htdocs\\APOLucas_Desenvolvimento\\vendor\\illuminate\\database\\Eloquent\\Builder.php(722): Illuminate\\Database\\Eloquent\\Builder->getModels(Array)
#10 C:\\xampp\\htdocs\\APOLucas_Desenvolvimento\\vendor\\illuminate\\database\\Eloquent\\Model.php(674): Illuminate\\Database\\Eloquent\\Builder->get(Array)
#11 C:\\xampp\\htdocs\\APOLucas_Desenvolvimento\\app\\Http\\Controllers\\ProdutoFornecedorController.php(12): Illuminate\\Database\\Eloquent\\Model::all()
#12 C:\\xampp\\htdocs\\APOLucas_Desenvolvimento\\vendor\\illuminate\\container\\BoundMethod.php(36): App\\Http\\Controllers\\ProdutoFornecedorController->index()
#13 C:\\xampp\\htdocs\\APOLucas_Desenvolvimento\\vendor\\illuminate\\container\\Util.php(41): Illuminate\\Container\\BoundMethod::Illuminate\\Container\\{closure}()
#14 C:\\xampp\\htdocs\\APOLucas_Desenvolvimento\\vendor\\illuminate\\container\\BoundMethod.php(93): Illuminate\\Container\\Util::unwrapIfClosure(Object(Closure))
#15 C:\\xampp\\htdocs\\APOLucas_Desenvolvimento\\vendor\\illuminate\\container\\BoundMethod.php(35): Illuminate\\Container\\BoundMethod::callBoundMethod(Object(Laravel\\Lumen\\Application), Array, Object(Closure))
#16 C:\\xampp\\htdocs\\APOLucas_Desenvolvimento\\vendor\\illuminate\\container\\Container.php(662): Illuminate\\Container\\BoundMethod::call(Object(Laravel\\Lumen\\Application), Array, Array, NULL)
#17 C:\\xampp\\htdocs\\APOLucas_Desenvolvimento\\vendor\\laravel\\lumen-framework\\src\\Concerns\\RoutesRequests.php(391): Illuminate\\Container\\Container->call(Array, Array)
#18 C:\\xampp\\htdocs\\APOLucas_Desenvolvimento\\vendor\\laravel\\lumen-framework\\src\\Concerns\\RoutesRequests.php(356): Laravel\\Lumen\\Application->callControllerCallable(Array, Array)
#19 C:\\xampp\\htdocs\\APOLucas_Desenvolvimento\\vendor\\laravel\\lumen-framework\\src\\Concerns\\RoutesRequests.php(331): Laravel\\Lumen\\Application->callLumenController(Object(App\\Http\\Controllers\\ProdutoFornecedorController), 'index', Array)
#20 C:\\xampp\\htdocs\\APOLucas_Desenvolvimento\\vendor\\laravel\\lumen-framework\\src\\Concerns\\RoutesRequests.php(284): Laravel\\Lumen\\Application->callControllerAction(Array)
#21 C:\\xampp\\htdocs\\APOLucas_Desenvolvimento\\vendor\\laravel\\lumen-framework\\src\\Concerns\\RoutesRequests.php(269): Laravel\\Lumen\\Application->callActionOnArrayBasedRoute(Array)
#22 C:\\xampp\\htdocs\\APOLucas_Desenvolvimento\\vendor\\laravel\\lumen-framework\\src\\Concerns\\RoutesRequests.php(171): Laravel\\Lumen\\Application->handleFoundRoute(Array)
#23 C:\\xampp\\htdocs\\APOLucas_Desenvolvimento\\vendor\\laravel\\lumen-framework\\src\\Concerns\\RoutesRequests.php(431): Laravel\\Lumen\\Application->Laravel\\Lumen\\Concerns\\{closure}(Object(Laravel\\Lumen\\Http\\Request))
#24 C:\\xampp\\htdocs\\APOLucas_Desenvolvimento\\vendor\\laravel\\lumen-framework\\src\\Concerns\\RoutesRequests.php(167): Laravel\\Lumen\\Application->sendThroughPipeline(Array, Object(Closure))
#25 C:\\xampp\\htdocs\\APOLucas_Desenvolvimento\\vendor\\laravel\\lumen-framework\\src\\Concerns\\RoutesRequests.php(112): Laravel\\Lumen\\Application->dispatch(NULL)
#26 C:\\xampp\\htdocs\\APOLucas_Desenvolvimento\\public\\index.php(28): Laravel\\Lumen\\Application->run()
#27 {main}
"} 
